TN:
SF:src\components\Breadcrumbs.tsx
FN:13,Breadcrumbs
FN:16,(anonymous_1)
FN:28,(anonymous_2)
FN:29,(anonymous_3)
FNF:4
FNH:2
FNDA:26,Breadcrumbs
FNDA:53,(anonymous_1)
FNDA:0,(anonymous_2)
FNDA:0,(anonymous_3)
DA:14,26
DA:17,53
DA:18,53
DA:28,0
DA:29,0
LF:5
LH:3
BRDA:20,0,0,53
BRDA:20,0,1,27
BRDA:23,1,0,27
BRDA:23,1,1,26
BRDA:23,2,0,53
BRDA:23,2,1,27
BRDA:34,3,0,26
BRDA:34,3,1,0
BRDA:19,4,0,53
BRDA:19,4,1,26
BRF:10
BRH:9
end_of_record
TN:
SF:src\components\LandingFooter.tsx
FN:3,LandingFooter
FNF:1
FNH:1
FNDA:5,LandingFooter
DA:4,5
LF:1
LH:1
BRF:0
BRH:0
end_of_record
TN:
SF:src\components\PasswordToggleButton.tsx
FN:25,PasswordToggleButton
FN:31,(anonymous_1)
FN:35,(anonymous_2)
FNF:3
FNH:3
FNDA:8,PasswordToggleButton
FNDA:2,(anonymous_1)
FNDA:1,(anonymous_2)
DA:8,1
DA:26,8
DA:32,2
DA:33,2
DA:36,1
DA:37,1
LF:6
LH:6
BRDA:39,0,0,2
BRDA:39,0,1,6
BRDA:41,1,0,2
BRDA:41,1,1,6
BRF:4
BRH:4
end_of_record
TN:
SF:src\components\ProtectedRoute.tsx
FN:9,ProtectedRoute
FN:12,(anonymous_1)
FN:13,(anonymous_2)
FNF:3
FNH:3
FNDA:9,ProtectedRoute
FNDA:5,(anonymous_1)
FNDA:5,(anonymous_2)
DA:10,9
DA:12,9
DA:13,5
DA:14,5
DA:16,5
DA:18,5
DA:19,1
DA:20,1
DA:26,4
DA:30,2
DA:31,1
DA:34,1
DA:35,1
DA:38,1
DA:39,1
DA:40,1
DA:44,5
DA:48,9
DA:49,5
DA:64,4
DA:65,3
DA:68,1
LF:22
LH:22
BRDA:18,0,0,1
BRDA:18,0,1,4
BRDA:30,1,0,1
BRDA:30,1,1,1
BRDA:48,2,0,5
BRDA:48,2,1,4
BRDA:64,3,0,3
BRDA:64,3,1,1
BRF:8
BRH:8
end_of_record
TN:
SF:src\components\empty.tsx
FN:5,Empty
FN:18,EmptyHeader
FN:46,EmptyMedia
FN:61,EmptyTitle
FN:71,EmptyDescription
FN:84,EmptyContent
FNF:6
FNH:6
FNDA:1,Empty
FNDA:1,EmptyHeader
FNDA:2,EmptyMedia
FNDA:1,EmptyTitle
FNDA:1,EmptyDescription
FNDA:1,EmptyContent
DA:6,1
DA:19,1
DA:31,1
DA:51,2
DA:62,1
DA:72,1
DA:85,1
LF:7
LH:7
BRDA:48,0,0,2
BRF:1
BRH:1
end_of_record
TN:
SF:src\components\thread\chat-hints.tsx
FN:9,HintSkeleton
FN:12,(anonymous_1)
FN:26,ChatHints
FN:40,(anonymous_3)
FN:44,(anonymous_4)
FNF:5
FNH:5
FNDA:1,HintSkeleton
FNDA:3,(anonymous_1)
FNDA:3,ChatHints
FNDA:2,(anonymous_3)
FNDA:1,(anonymous_4)
DA:10,1
DA:13,3
DA:27,3
DA:28,2
DA:30,1
DA:41,2
DA:44,1
LF:7
LH:7
BRDA:27,0,0,1
BRDA:27,0,1,2
BRDA:28,1,0,1
BRDA:28,1,1,1
BRF:4
BRH:4
end_of_record
TN:
SF:src\components\thread\context-banner.tsx
FN:21,(anonymous_0)
FNF:1
FNH:1
FNDA:3,(anonymous_0)
DA:21,1
DA:26,3
LF:2
LH:2
BRDA:28,0,0,3
BRDA:28,0,1,2
BRDA:46,1,0,2
BRDA:46,1,1,0
BRDA:47,2,0,2
BRDA:47,2,1,1
BRDA:47,3,0,2
BRDA:47,3,1,1
BRDA:47,3,2,1
BRDA:58,4,0,2
BRDA:58,4,1,1
BRDA:66,5,0,2
BRDA:66,5,1,1
BRF:13
BRH:12
end_of_record
TN:
SF:src\components\thread\index.tsx
FN:39,readAssistantPersonaConfig
FN:52,buildHiddenPersonaMessage
FN:62,ScrollToBottom
FN:65,(anonymous_3)
FN:68,(anonymous_4)
FN:73,(anonymous_5)
FN:84,(anonymous_6)
FN:91,VoiceInputIndicator
FN:111,VoiceInputButton
FN:157,ChatInput
FN:176,(anonymous_10)
FN:182,(anonymous_11)
FN:190,(anonymous_12)
FN:202,(anonymous_13)
FN:215,(anonymous_14)
FN:244,SidebarButton
FN:262,(anonymous_16)
FN:262,(anonymous_17)
FN:277,ChatHeader
FN:299,(anonymous_19)
FN:310,(anonymous_20)
FN:315,(anonymous_21)
FN:324,(anonymous_22)
FN:341,(anonymous_23)
FN:367,(anonymous_24)
FN:397,(anonymous_25)
FN:410,MessagesList
FN:428,(anonymous_27)
FN:429,(anonymous_28)
FN:460,Thread
FN:491,(anonymous_30)
FN:493,(anonymous_31)
FN:502,(anonymous_32)
FN:516,(anonymous_33)
FN:544,(anonymous_34)
FN:557,(anonymous_35)
FN:563,(anonymous_36)
FN:574,(anonymous_37)
FN:577,(anonymous_38)
FN:596,(anonymous_39)
FN:611,(anonymous_40)
FN:624,(anonymous_41)
FN:630,(anonymous_42)
FN:633,(anonymous_43)
FN:646,(anonymous_44)
FN:662,(anonymous_45)
FN:722,(anonymous_46)
FNF:47
FNH:29
FNDA:1,readAssistantPersonaConfig
FNDA:1,buildHiddenPersonaMessage
FNDA:3,ScrollToBottom
FNDA:1,(anonymous_3)
FNDA:0,(anonymous_4)
FNDA:1,(anonymous_5)
FNDA:0,(anonymous_6)
FNDA:17,VoiceInputIndicator
FNDA:17,VoiceInputButton
FNDA:17,ChatInput
FNDA:10,(anonymous_10)
FNDA:2,(anonymous_11)
FNDA:0,(anonymous_12)
FNDA:17,(anonymous_13)
FNDA:0,(anonymous_14)
FNDA:17,SidebarButton
FNDA:0,(anonymous_16)
FNDA:0,(anonymous_17)
FNDA:17,ChatHeader
FNDA:0,(anonymous_19)
FNDA:0,(anonymous_20)
FNDA:0,(anonymous_21)
FNDA:0,(anonymous_22)
FNDA:0,(anonymous_23)
FNDA:0,(anonymous_24)
FNDA:0,(anonymous_25)
FNDA:3,MessagesList
FNDA:6,(anonymous_27)
FNDA:6,(anonymous_28)
FNDA:20,Thread
FNDA:7,(anonymous_30)
FNDA:1,(anonymous_31)
FNDA:3,(anonymous_32)
FNDA:8,(anonymous_33)
FNDA:6,(anonymous_34)
FNDA:6,(anonymous_35)
FNDA:1,(anonymous_36)
FNDA:0,(anonymous_37)
FNDA:1,(anonymous_38)
FNDA:1,(anonymous_39)
FNDA:1,(anonymous_40)
FNDA:8,(anonymous_41)
FNDA:0,(anonymous_42)
FNDA:0,(anonymous_43)
FNDA:0,(anonymous_44)
FNDA:6,(anonymous_45)
FNDA:0,(anonymous_46)
DA:32,1
DA:40,1
DA:41,1
DA:42,1
DA:43,0
DA:44,0
DA:45,0
DA:47,0
DA:48,0
DA:53,1
DA:54,1
DA:55,0
DA:63,3
DA:65,3
DA:66,1
DA:67,1
DA:68,1
DA:69,0
DA:70,0
DA:72,1
DA:73,1
DA:76,3
DA:77,0
DA:84,0
DA:92,17
DA:118,17
DA:172,17
DA:174,17
DA:176,17
DA:177,10
DA:178,7
DA:182,17
DA:183,2
DA:184,2
DA:185,2
DA:186,2
DA:187,2
DA:190,17
DA:191,0
DA:197,0
DA:198,0
DA:202,17
DA:203,17
DA:204,3
DA:206,14
DA:209,17
DA:215,0
DA:253,17
DA:255,17
DA:257,17
DA:262,0
DA:269,1
DA:296,17
DA:297,17
DA:299,17
DA:300,17
DA:301,17
DA:304,17
DA:306,17
DA:308,17
DA:310,17
DA:311,0
DA:312,0
DA:315,17
DA:316,0
DA:317,0
DA:318,0
DA:319,0
DA:321,0
DA:324,17
DA:325,0
DA:326,0
DA:329,17
DA:341,0
DA:367,0
DA:398,0
DA:399,0
DA:425,3
DA:428,6
DA:430,6
DA:461,20
DA:462,20
DA:466,20
DA:467,20
DA:468,20
DA:469,20
DA:470,20
DA:480,20
DA:482,20
DA:483,20
DA:484,20
DA:485,20
DA:487,20
DA:488,20
DA:491,20
DA:492,7
DA:493,1
DA:494,1
DA:495,1
DA:497,1
DA:502,20
DA:503,3
DA:504,1
DA:505,1
DA:508,2
DA:509,1
DA:511,1
DA:516,20
DA:517,8
DA:518,6
DA:519,6
DA:522,2
DA:523,2
DA:524,2
DA:525,0
DA:528,2
DA:529,2
DA:544,20
DA:545,6
DA:549,6
DA:550,1
DA:553,6
DA:557,20
DA:558,6
DA:559,5
DA:560,5
DA:562,1
DA:564,1
DA:565,0
DA:571,1
DA:574,0
DA:577,20
DA:578,1
DA:579,1
DA:581,1
DA:583,1
DA:588,1
DA:589,1
DA:591,1
DA:592,1
DA:596,1
DA:608,1
DA:611,20
DA:614,1
DA:615,1
DA:616,1
DA:622,20
DA:623,20
DA:624,8
DA:628,20
DA:630,20
DA:631,0
DA:633,0
DA:634,0
DA:639,0
DA:640,0
DA:641,0
DA:642,0
DA:646,0
DA:657,0
DA:662,20
DA:663,6
DA:664,6
DA:665,6
DA:669,20
DA:670,20
DA:671,20
DA:672,20
DA:674,20
DA:723,0
DA:724,0
DA:725,0
DA:727,0
LF:173
LH:129
BRDA:42,0,0,1
BRDA:42,0,1,0
BRDA:44,1,0,0
BRDA:44,1,1,0
BRDA:44,2,0,0
BRDA:44,2,1,0
BRDA:54,3,0,1
BRDA:54,3,1,0
BRDA:67,4,0,0
BRDA:67,4,1,1
BRDA:76,5,0,3
BRDA:76,5,1,0
BRDA:96,6,0,1
BRDA:96,6,1,16
BRDA:97,7,0,1
BRDA:97,7,1,16
BRDA:98,8,0,1
BRDA:98,8,1,16
BRDA:123,9,0,1
BRDA:123,9,1,16
BRDA:125,10,0,1
BRDA:125,10,1,16
BRDA:137,11,0,17
BRDA:137,11,1,16
BRDA:143,12,0,1
BRDA:143,12,1,16
BRDA:144,13,0,1
BRDA:144,13,1,16
BRDA:149,14,0,1
BRDA:149,14,1,16
BRDA:177,15,0,7
BRDA:177,15,1,3
BRDA:177,16,0,10
BRDA:177,16,1,7
BRDA:191,17,0,0
BRDA:191,17,1,0
BRDA:192,18,0,0
BRDA:192,18,1,0
BRDA:192,18,2,0
BRDA:192,18,3,0
BRDA:203,19,0,3
BRDA:203,19,1,14
BRDA:206,20,0,14
BRDA:206,20,1,0
BRDA:213,21,0,0
BRDA:213,21,1,17
BRDA:213,22,0,17
BRDA:213,22,1,17
BRDA:228,23,0,0
BRDA:228,23,1,17
BRDA:228,24,0,17
BRDA:228,24,1,17
BRDA:253,25,0,17
BRDA:253,25,1,0
BRDA:255,26,0,0
BRDA:255,26,1,17
BRDA:301,27,0,0
BRDA:301,27,1,17
BRDA:301,28,0,17
BRDA:301,28,1,0
BRDA:306,29,0,0
BRDA:306,29,1,17
BRDA:306,30,0,0
BRDA:306,30,1,0
BRDA:311,31,0,0
BRDA:311,31,1,0
BRDA:316,32,0,0
BRDA:316,32,1,0
BRDA:318,33,0,0
BRDA:318,33,1,0
BRDA:318,34,0,0
BRDA:318,34,1,0
BRDA:325,35,0,0
BRDA:325,35,1,0
BRDA:326,36,0,0
BRDA:326,36,1,0
BRDA:343,37,0,0
BRDA:343,37,1,17
BRDA:355,38,0,17
BRDA:355,38,1,3
BRDA:355,38,2,0
BRDA:358,39,0,0
BRDA:358,39,1,0
BRDA:363,40,0,0
BRDA:363,40,1,0
BRDA:430,41,0,3
BRDA:430,41,1,3
BRDA:432,42,0,3
BRDA:432,42,1,0
BRDA:438,43,0,3
BRDA:438,43,1,0
BRDA:445,44,0,3
BRDA:445,44,1,0
BRDA:445,44,2,0
BRDA:453,45,0,3
BRDA:453,45,1,0
BRDA:453,45,2,0
BRDA:492,46,0,1
BRDA:492,46,1,6
BRDA:494,47,0,1
BRDA:494,47,1,0
BRDA:503,48,0,1
BRDA:503,48,1,2
BRDA:508,49,0,1
BRDA:508,49,1,1
BRDA:517,50,0,6
BRDA:517,50,1,2
BRDA:524,51,0,0
BRDA:524,51,1,2
BRDA:524,52,0,2
BRDA:524,52,1,2
BRDA:545,53,0,6
BRDA:545,53,1,1
BRDA:545,53,2,1
BRDA:549,54,0,1
BRDA:549,54,1,5
BRDA:558,55,0,5
BRDA:558,55,1,1
BRDA:564,56,0,0
BRDA:564,56,1,1
BRDA:566,57,0,0
BRDA:566,57,1,0
BRDA:568,58,0,0
BRDA:568,58,1,0
BRDA:579,59,0,0
BRDA:579,59,1,1
BRDA:579,60,0,1
BRDA:579,60,1,1
BRDA:589,61,0,0
BRDA:589,61,1,1
BRDA:599,62,0,1
BRDA:599,62,1,0
BRDA:624,63,0,8
BRDA:624,63,1,4
BRDA:640,64,0,0
BRDA:640,64,1,0
BRDA:649,65,0,0
BRDA:649,65,1,0
BRDA:664,66,0,6
BRDA:664,66,1,0
BRDA:670,67,0,0
BRDA:670,67,1,20
BRDA:670,68,0,20
BRDA:670,68,1,0
BRDA:671,69,0,0
BRDA:671,69,1,20
BRDA:671,70,0,20
BRDA:671,70,1,0
BRDA:672,71,0,0
BRDA:672,71,1,20
BRDA:672,72,0,20
BRDA:672,72,1,0
BRDA:680,73,0,0
BRDA:680,73,1,20
BRDA:683,74,0,20
BRDA:683,74,1,0
BRDA:696,75,0,20
BRDA:696,75,1,16
BRDA:704,76,0,20
BRDA:704,76,1,0
BRDA:712,77,0,20
BRDA:712,77,1,0
BRDA:719,78,0,20
BRDA:719,78,1,16
BRDA:740,79,0,20
BRDA:740,79,1,16
BRDA:743,80,0,4
BRDA:743,80,1,16
BRDA:787,81,0,20
BRDA:787,81,1,4
BRDA:790,82,0,4
BRDA:790,82,1,4
BRDA:823,83,0,20
BRDA:823,83,1,0
BRF:174
BRH:100
end_of_record
TN:
SF:src\components\thread\thread-more-menu.tsx
FN:48,DeleteConfirmDialog
FN:61,(anonymous_1)
FN:71,(anonymous_2)
FN:74,(anonymous_3)
FN:76,(anonymous_4)
FN:79,(anonymous_5)
FN:82,(anonymous_6)
FN:84,(anonymous_7)
FN:127,buildMarkdownExport
FN:138,downloadBlob
FN:147,escapeHtml
FN:153,exportToPdf
FN:157,(anonymous_12)
FN:158,(anonymous_13)
FN:200,(anonymous_14)
FN:203,(anonymous_15)
FN:209,exportToDocx
FN:238,ThreadMoreMenu
FN:257,(anonymous_18)
FN:262,(anonymous_19)
FN:264,(anonymous_20)
FN:268,(anonymous_21)
FN:270,(anonymous_22)
FN:278,(anonymous_23)
FN:285,(anonymous_24)
FN:296,(anonymous_25)
FN:306,(anonymous_26)
FN:318,(anonymous_27)
FN:330,(anonymous_28)
FN:336,(anonymous_29)
FN:410,(anonymous_30)
FN:413,(anonymous_31)
FN:473,(anonymous_32)
FNF:33
FNH:23
FNDA:7,DeleteConfirmDialog
FNDA:6,(anonymous_1)
FNDA:7,(anonymous_2)
FNDA:0,(anonymous_3)
FNDA:7,(anonymous_4)
FNDA:7,(anonymous_5)
FNDA:1,(anonymous_6)
FNDA:7,(anonymous_7)
FNDA:1,buildMarkdownExport
FNDA:1,downloadBlob
FNDA:0,escapeHtml
FNDA:0,exportToPdf
FNDA:0,(anonymous_12)
FNDA:0,(anonymous_13)
FNDA:0,(anonymous_14)
FNDA:0,(anonymous_15)
FNDA:0,exportToDocx
FNDA:7,ThreadMoreMenu
FNDA:7,(anonymous_18)
FNDA:7,(anonymous_19)
FNDA:6,(anonymous_20)
FNDA:4,(anonymous_21)
FNDA:0,(anonymous_22)
FNDA:1,(anonymous_23)
FNDA:1,(anonymous_24)
FNDA:1,(anonymous_25)
FNDA:1,(anonymous_26)
FNDA:1,(anonymous_27)
FNDA:1,(anonymous_28)
FNDA:1,(anonymous_29)
FNDA:35,(anonymous_30)
FNDA:1,(anonymous_31)
FNDA:0,(anonymous_32)
DA:38,1
DA:59,7
DA:61,7
DA:62,6
DA:63,6
DA:64,6
DA:65,1
DA:66,5
DA:67,1
DA:71,7
DA:72,7
DA:73,7
DA:74,7
DA:75,7
DA:76,7
DA:79,7
DA:80,7
DA:81,7
DA:82,7
DA:83,7
DA:84,7
DA:87,7
DA:128,1
DA:129,1
DA:130,2
DA:131,2
DA:132,2
DA:133,2
DA:135,1
DA:139,1
DA:140,1
DA:141,1
DA:142,1
DA:143,1
DA:144,1
DA:148,0
DA:154,0
DA:156,0
DA:157,0
DA:159,0
DA:160,0
DA:161,0
DA:162,0
DA:163,0
DA:171,0
DA:173,0
DA:195,0
DA:196,0
DA:197,0
DA:198,0
DA:200,0
DA:201,0
DA:202,0
DA:203,0
DA:210,0
DA:212,0
DA:220,0
DA:221,0
DA:222,0
DA:223,0
DA:224,0
DA:231,0
DA:232,0
DA:233,0
DA:251,7
DA:252,7
DA:253,7
DA:255,7
DA:257,7
DA:258,7
DA:259,6
DA:262,7
DA:263,7
DA:264,6
DA:265,6
DA:268,7
DA:269,4
DA:270,1
DA:271,1
DA:272,0
DA:273,0
DA:275,1
DA:278,7
DA:279,1
DA:280,1
DA:281,1
DA:282,1
DA:285,7
DA:286,1
DA:287,1
DA:288,1
DA:289,1
DA:291,0
DA:293,1
DA:296,7
DA:297,1
DA:298,1
DA:299,1
DA:300,1
DA:301,1
DA:302,1
DA:303,1
DA:306,7
DA:307,1
DA:308,1
DA:309,0
DA:310,0
DA:311,0
DA:313,0
DA:315,0
DA:318,7
DA:319,1
DA:320,1
DA:321,0
DA:322,0
DA:323,0
DA:325,0
DA:327,0
DA:330,7
DA:331,1
DA:332,1
DA:333,1
DA:336,7
DA:337,1
DA:338,1
DA:339,1
DA:340,1
DA:341,1
DA:342,1
DA:343,1
DA:344,1
DA:346,0
DA:350,7
DA:352,7
DA:411,35
DA:413,1
DA:473,0
LF:137
LH:93
BRDA:63,0,0,0
BRDA:63,0,1,6
BRDA:64,1,0,1
BRDA:64,1,1,5
BRDA:64,2,0,6
BRDA:64,2,1,1
BRDA:66,3,0,1
BRDA:66,3,1,4
BRDA:66,4,0,5
BRDA:66,4,1,5
BRDA:73,5,0,0
BRDA:73,5,1,7
BRDA:81,6,0,0
BRDA:81,6,1,7
BRDA:82,7,0,0
BRDA:82,7,1,1
BRDA:117,8,0,1
BRDA:117,8,1,6
BRDA:130,9,0,0
BRDA:130,9,1,2
BRDA:130,10,0,2
BRDA:130,10,1,1
BRDA:131,11,0,1
BRDA:131,11,1,1
BRDA:133,12,0,2
BRDA:133,12,1,0
BRDA:157,13,0,0
BRDA:157,13,1,0
BRDA:160,14,0,0
BRDA:160,14,1,0
BRDA:161,15,0,0
BRDA:161,15,1,0
BRDA:162,16,0,0
BRDA:162,16,1,0
BRDA:171,17,0,0
BRDA:171,17,1,0
BRDA:213,18,0,0
BRDA:213,18,1,0
BRDA:221,19,0,0
BRDA:221,19,1,0
BRDA:221,20,0,0
BRDA:221,20,1,0
BRDA:222,21,0,0
BRDA:222,21,1,0
BRDA:223,22,0,0
BRDA:223,22,1,0
BRDA:258,23,0,1
BRDA:258,23,1,6
BRDA:263,24,0,1
BRDA:263,24,1,6
BRDA:265,25,0,6
BRDA:265,25,1,0
BRDA:269,26,0,3
BRDA:269,26,1,1
BRDA:271,27,0,0
BRDA:271,27,1,1
BRDA:273,28,0,0
BRDA:273,28,1,0
BRDA:273,29,0,0
BRDA:273,29,1,0
BRDA:279,30,0,0
BRDA:279,30,1,1
BRDA:281,31,0,0
BRDA:281,31,1,1
BRDA:286,32,0,0
BRDA:286,32,1,1
BRDA:297,33,0,0
BRDA:297,33,1,1
BRDA:299,34,0,0
BRDA:299,34,1,1
BRDA:307,35,0,0
BRDA:307,35,1,1
BRDA:308,36,0,1
BRDA:308,36,1,0
BRDA:319,37,0,0
BRDA:319,37,1,1
BRDA:320,38,0,1
BRDA:320,38,1,0
BRDA:331,39,0,0
BRDA:331,39,1,1
BRDA:337,40,0,0
BRDA:337,40,1,1
BRDA:341,41,0,1
BRDA:341,41,1,0
BRDA:387,42,0,6
BRDA:387,42,1,1
BRDA:396,43,0,0
BRDA:396,43,1,7
BRDA:400,44,0,0
BRDA:400,44,1,7
BRDA:416,45,0,7
BRDA:416,45,1,28
BRDA:473,46,0,0
BRDA:473,46,1,0
BRF:94
BRH:46
end_of_record
TN:
SF:src\components\thread\tooltip-icon-button.tsx
FN:22,(anonymous_0)
FNF:1
FNH:1
FNDA:3,(anonymous_0)
DA:19,1
DA:23,3
DA:44,1
LF:3
LH:3
BRDA:22,0,0,3
BRF:1
BRH:1
end_of_record
TN:
SF:src\components\thread\utils.ts
FN:3,getContentString
FN:6,(anonymous_1)
FN:7,(anonymous_2)
FNF:3
FNH:3
FNDA:24,getContentString
FNDA:5,(anonymous_1)
FNDA:3,(anonymous_2)
DA:4,24
DA:5,4
DA:6,5
DA:7,3
DA:8,4
LF:5
LH:5
BRDA:4,0,0,20
BRDA:4,0,1,4
BRF:2
BRH:2
end_of_record
TN:
SF:src\components\thread\agent-inbox\utils.ts
FN:7,prettifyText
FN:11,isArrayOfMessages
FN:14,(anonymous_2)
FN:23,(anonymous_3)
FN:32,formatMessageContent
FN:36,formatToolCalls
FN:43,getMessageType
FN:53,formatBaseMessage
FN:62,formatObjectMessage
FN:70,baseMessageObject
FN:86,unknownToPrettyDate
FN:113,processEditArgs
FN:117,(anonymous_12)
FN:143,addEditResponse
FN:169,addResponseIfAllowed
FN:181,addIgnoreIfAllowed
FN:193,determineDefaultSubmitType
FN:194,(anonymous_17)
FN:195,(anonymous_18)
FN:196,(anonymous_19)
FN:210,addMissingResponses
FN:217,(anonymous_21)
FN:218,(anonymous_22)
FN:235,createDefaultHumanResponse
FN:250,(anonymous_24)
FN:257,constructOpenInStudioURL
FN:274,haveArgsChanged
FN:284,(anonymous_27)
FNF:28
FNH:26
FNDA:43,prettifyText
FNDA:5,isArrayOfMessages
FNDA:4,(anonymous_2)
FNDA:5,(anonymous_3)
FNDA:5,formatMessageContent
FNDA:5,formatToolCalls
FNDA:0,getMessageType
FNDA:0,formatBaseMessage
FNDA:5,formatObjectMessage
FNDA:11,baseMessageObject
FNDA:37,unknownToPrettyDate
FNDA:3,processEditArgs
FNDA:3,(anonymous_12)
FNDA:10,addEditResponse
FNDA:10,addResponseIfAllowed
FNDA:10,addIgnoreIfAllowed
FNDA:10,determineDefaultSubmitType
FNDA:8,(anonymous_17)
FNDA:8,(anonymous_18)
FNDA:8,(anonymous_19)
FNDA:10,addMissingResponses
FNDA:8,(anonymous_21)
FNDA:8,(anonymous_22)
FNDA:10,createDefaultHumanResponse
FNDA:8,(anonymous_24)
FNDA:4,constructOpenInStudioURL
FNDA:9,haveArgsChanged
FNDA:8,(anonymous_27)
DA:8,43
DA:14,5
DA:15,1
DA:18,4
DA:19,0
DA:22,4
DA:24,5
DA:33,5
DA:37,5
DA:38,4
DA:40,1
DA:44,0
DA:45,0
DA:47,0
DA:48,0
DA:50,0
DA:54,0
DA:55,0
DA:56,0
DA:58,0
DA:59,0
DA:63,5
DA:64,5
DA:66,5
DA:67,5
DA:71,11
DA:72,0
DA:75,11
DA:76,5
DA:79,6
DA:80,1
DA:83,5
DA:87,37
DA:88,37
DA:92,37
DA:95,37
DA:97,37
DA:98,34
DA:101,3
DA:102,3
DA:103,0
DA:106,3
DA:110,0
DA:117,3
DA:118,3
DA:120,3
DA:121,1
DA:122,1
DA:127,1
DA:130,2
DA:131,1
DA:148,10
DA:149,5
DA:152,5
DA:153,3
DA:154,3
DA:161,2
DA:173,10
DA:174,2
DA:185,10
DA:186,1
DA:194,10
DA:195,10
DA:196,10
DA:198,10
DA:199,3
DA:201,7
DA:202,2
DA:204,5
DA:205,2
DA:207,3
DA:214,10
DA:215,10
DA:217,10
DA:218,10
DA:220,10
DA:221,4
DA:227,10
DA:228,0
DA:243,10
DA:245,10
DA:246,10
DA:247,10
DA:249,10
DA:250,10
DA:252,10
DA:254,10
DA:261,4
DA:263,4
DA:265,4
DA:266,1
DA:269,4
DA:271,4
DA:278,9
DA:279,3
DA:282,6
DA:284,6
DA:285,8
DA:288,8
LF:99
LH:84
BRDA:14,0,0,1
BRDA:14,0,1,4
BRDA:18,1,0,0
BRDA:18,1,1,4
BRDA:24,2,0,5
BRDA:24,2,1,3
BRDA:24,2,2,3
BRDA:24,2,3,2
BRDA:24,2,4,2
BRDA:33,3,0,4
BRDA:33,3,1,1
BRDA:37,4,0,4
BRDA:37,4,1,1
BRDA:44,5,0,0
BRDA:44,5,1,0
BRDA:47,6,0,0
BRDA:47,6,1,0
BRDA:58,7,0,0
BRDA:58,7,1,0
BRDA:66,8,0,3
BRDA:66,8,1,2
BRDA:71,9,0,0
BRDA:71,9,1,11
BRDA:75,10,0,5
BRDA:75,10,1,6
BRDA:75,11,0,11
BRDA:75,11,1,6
BRDA:75,11,2,6
BRDA:75,11,3,5
BRDA:79,12,0,1
BRDA:79,12,1,5
BRDA:92,13,0,37
BRDA:92,13,1,5
BRDA:92,13,2,5
BRDA:95,14,0,37
BRDA:95,14,1,21
BRDA:97,15,0,34
BRDA:97,15,1,3
BRDA:97,16,0,37
BRDA:97,16,1,36
BRDA:97,16,2,35
BRDA:102,17,0,0
BRDA:102,17,1,3
BRDA:118,18,0,3
BRDA:118,18,1,0
BRDA:120,19,0,1
BRDA:120,19,1,2
BRDA:120,20,0,3
BRDA:120,20,1,3
BRDA:121,21,0,1
BRDA:121,21,1,0
BRDA:130,22,0,1
BRDA:130,22,1,1
BRDA:148,23,0,5
BRDA:148,23,1,5
BRDA:152,24,0,3
BRDA:152,24,1,2
BRDA:173,25,0,2
BRDA:173,25,1,8
BRDA:185,26,0,1
BRDA:185,26,1,9
BRDA:198,27,0,3
BRDA:198,27,1,7
BRDA:201,28,0,2
BRDA:201,28,1,5
BRDA:204,29,0,2
BRDA:204,29,1,3
BRDA:220,30,0,4
BRDA:220,30,1,6
BRDA:220,31,0,10
BRDA:220,31,1,4
BRDA:227,32,0,0
BRDA:227,32,1,10
BRDA:227,33,0,10
BRDA:227,33,1,1
BRDA:250,34,0,10
BRDA:250,34,1,7
BRDA:265,35,0,1
BRDA:265,35,1,3
BRDA:278,36,0,3
BRDA:278,36,1,6
BRDA:278,37,0,9
BRDA:278,37,1,7
BRDA:285,38,0,7
BRDA:285,38,1,1
BRF:85
BRH:73
end_of_record
TN:
SF:src\components\thread\agent-inbox\components\inbox-item-input.tsx
FN:12,createKeyDownHandler
FN:17,(anonymous_1)
FN:25,ResetButton
FN:38,ArgsRenderer
FN:41,(anonymous_4)
FN:84,ResponseComponent
FN:101,(anonymous_6)
FN:108,(anonymous_7)
FN:130,(anonymous_8)
FN:147,AcceptComponent
FN:175,calculateDefaultRows
FN:182,getButtonText
FN:189,getHeaderText
FN:193,createResetValues
FN:208,(anonymous_14)
FN:221,EditFieldComponent
FN:261,(anonymous_16)
FN:270,EditAndOrAcceptComponent
FN:292,(anonymous_18)
FN:293,(anonymous_19)
FN:315,(anonymous_20)
FN:326,(anonymous_21)
FN:337,(anonymous_22)
FN:361,validateEditChange
FN:371,updateArgsForEdit
FN:379,(anonymous_25)
FN:391,updateSubmitTypeForEdit
FN:412,createNewEditResponse
FN:426,(anonymous_28)
FN:446,updateResponseStateForChange
FN:467,createNewResponseObject
FN:487,InboxItemInput
FN:511,(anonymous_32)
FN:540,(anonymous_33)
FN:553,(anonymous_34)
FN:560,(anonymous_35)
FN:576,(anonymous_36)
FN:588,(anonymous_37)
FN:591,(anonymous_38)
FN:593,(anonymous_39)
FNF:40
FNH:39
FNDA:8,createKeyDownHandler
FNDA:1,(anonymous_1)
FNDA:8,ResetButton
FNDA:2,ArgsRenderer
FNDA:4,(anonymous_4)
FNDA:6,ResponseComponent
FNDA:9,(anonymous_6)
FNDA:0,(anonymous_7)
FNDA:1,(anonymous_8)
FNDA:1,AcceptComponent
FNDA:6,calculateDefaultRows
FNDA:4,getButtonText
FNDA:4,getHeaderText
FNDA:1,createResetValues
FNDA:2,(anonymous_14)
FNDA:8,EditFieldComponent
FNDA:1,(anonymous_16)
FNDA:6,EditAndOrAcceptComponent
FNDA:5,(anonymous_18)
FNDA:13,(anonymous_19)
FNDA:1,(anonymous_20)
FNDA:8,(anonymous_21)
FNDA:8,(anonymous_22)
FNDA:2,validateEditChange
FNDA:2,updateArgsForEdit
FNDA:2,(anonymous_25)
FNDA:2,updateSubmitTypeForEdit
FNDA:1,createNewEditResponse
FNDA:2,(anonymous_28)
FNDA:1,updateResponseStateForChange
FNDA:1,createNewResponseObject
FNDA:6,InboxItemInput
FNDA:2,(anonymous_32)
FNDA:1,(anonymous_33)
FNDA:1,(anonymous_34)
FNDA:1,(anonymous_35)
FNDA:1,(anonymous_36)
FNDA:1,(anonymous_37)
FNDA:1,(anonymous_38)
FNDA:2,(anonymous_39)
DA:17,8
DA:18,1
DA:19,1
DA:20,1
DA:26,8
DA:39,2
DA:42,4
DA:46,4
DA:101,9
DA:102,6
DA:103,2
DA:106,4
DA:108,4
DA:109,0
DA:112,4
DA:130,1
DA:145,1
DA:158,1
DA:160,1
DA:176,6
DA:177,3
DA:179,3
DA:183,4
DA:184,4
DA:186,0
DA:190,4
DA:197,1
DA:198,1
DA:200,1
DA:205,0
DA:208,1
DA:209,2
DA:210,2
DA:213,2
DA:214,2
DA:218,1
DA:244,8
DA:248,8
DA:250,8
DA:261,1
DA:291,6
DA:292,6
DA:293,13
DA:295,6
DA:300,2
DA:301,1
DA:309,1
DA:312,4
DA:313,4
DA:315,4
DA:316,1
DA:318,1
DA:319,1
DA:323,4
DA:326,4
DA:327,8
DA:330,4
DA:338,8
DA:359,1
DA:365,2
DA:376,2
DA:378,2
DA:379,1
DA:380,2
DA:381,2
DA:385,1
DA:388,2
DA:398,2
DA:399,1
DA:400,1
DA:401,1
DA:404,1
DA:405,1
DA:406,1
DA:407,0
DA:408,0
DA:418,1
DA:426,2
DA:435,1
DA:436,1
DA:443,0
DA:453,1
DA:454,1
DA:455,1
DA:456,1
DA:459,0
DA:460,0
DA:461,0
DA:462,0
DA:463,0
DA:471,1
DA:476,1
DA:477,0
DA:484,1
DA:503,6
DA:504,6
DA:505,6
DA:507,6
DA:509,6
DA:511,6
DA:516,2
DA:517,0
DA:522,0
DA:525,2
DA:526,2
DA:527,2
DA:528,2
DA:529,2
DA:532,2
DA:540,2
DA:541,1
DA:542,0
DA:547,0
DA:550,1
DA:552,1
DA:554,1
DA:559,1
DA:560,1
DA:561,1
DA:566,1
DA:568,0
DA:571,0
DA:576,6
DA:580,1
DA:588,1
DA:589,1
DA:591,1
DA:592,1
DA:593,1
DA:594,2
DA:595,1
DA:597,1
DA:600,0
DA:605,6
LF:134
LH:115
BRDA:18,0,0,1
BRDA:18,0,1,0
BRDA:18,1,0,1
BRDA:18,1,1,1
BRDA:18,1,2,1
BRDA:42,2,0,4
BRDA:42,2,1,0
BRDA:102,3,0,2
BRDA:102,3,1,4
BRDA:102,4,0,6
BRDA:102,4,1,4
BRDA:121,5,0,4
BRDA:121,5,1,0
BRDA:158,6,0,1
BRDA:158,6,1,1
BRDA:162,7,0,1
BRDA:162,7,1,1
BRDA:176,8,0,3
BRDA:176,8,1,3
BRDA:183,9,0,4
BRDA:183,9,1,0
BRDA:183,10,0,4
BRDA:183,10,1,4
BRDA:190,11,0,4
BRDA:190,11,1,0
BRDA:200,12,0,0
BRDA:200,12,1,1
BRDA:201,13,0,1
BRDA:201,13,1,1
BRDA:201,13,2,1
BRDA:209,14,0,2
BRDA:209,14,1,0
BRDA:210,15,0,2
BRDA:210,15,1,0
BRDA:244,16,0,8
BRDA:244,16,1,0
BRDA:248,17,0,8
BRDA:248,17,1,0
BRDA:295,18,0,2
BRDA:295,18,1,4
BRDA:296,19,0,6
BRDA:296,19,1,4
BRDA:296,19,2,4
BRDA:300,20,0,1
BRDA:300,20,1,1
BRDA:318,21,0,1
BRDA:318,21,1,0
BRDA:318,22,0,1
BRDA:318,22,1,1
BRDA:366,23,0,2
BRDA:366,23,1,1
BRDA:366,23,2,2
BRDA:366,23,3,1
BRDA:378,24,0,1
BRDA:378,24,1,1
BRDA:378,25,0,2
BRDA:378,25,1,1
BRDA:380,26,0,2
BRDA:380,26,1,0
BRDA:398,27,0,1
BRDA:398,27,1,1
BRDA:405,28,0,1
BRDA:405,28,1,0
BRDA:407,29,0,0
BRDA:407,29,1,0
BRDA:423,30,0,1
BRDA:423,30,1,0
BRDA:423,31,0,1
BRDA:423,31,1,1
BRDA:435,32,0,1
BRDA:435,32,1,0
BRDA:453,33,0,1
BRDA:453,33,1,0
BRDA:460,34,0,0
BRDA:460,34,1,0
BRDA:462,35,0,0
BRDA:462,35,1,0
BRDA:476,36,0,0
BRDA:476,36,1,1
BRDA:507,37,0,6
BRDA:507,37,1,6
BRDA:507,37,2,1
BRDA:507,37,3,1
BRDA:509,38,0,6
BRDA:509,38,1,6
BRDA:509,38,2,6
BRDA:509,38,3,1
BRDA:516,39,0,0
BRDA:516,39,1,2
BRDA:526,40,0,2
BRDA:526,40,1,0
BRDA:541,41,0,0
BRDA:541,41,1,1
BRDA:541,42,0,1
BRDA:541,42,1,1
BRDA:554,43,0,1
BRDA:554,43,1,1
BRDA:554,43,2,1
BRDA:559,44,0,1
BRDA:559,44,1,0
BRDA:561,45,0,1
BRDA:561,45,1,0
BRDA:562,46,0,1
BRDA:562,46,1,1
BRDA:562,46,2,1
BRDA:592,47,0,1
BRDA:592,47,1,0
BRDA:594,48,0,1
BRDA:594,48,1,1
BRDA:607,49,0,6
BRDA:607,49,1,1
BRDA:620,50,0,4
BRDA:620,50,1,2
BRDA:635,51,0,6
BRDA:635,51,1,1
BRDA:636,52,0,6
BRDA:636,52,1,1
BRF:117
BRH:88
end_of_record
TN:
SF:src\components\thread\agent-inbox\components\state-view.tsx
FN:22,getMessageType
FN:33,(anonymous_1)
FN:50,MessagesRenderer
FN:53,(anonymous_3)
FN:68,(anonymous_4)
FN:83,StateViewRecursive
FN:110,(anonymous_6)
FN:138,(anonymous_7)
FN:157,HasContentsEllipsis
FN:185,StateViewObject
FN:188,(anonymous_10)
FN:194,(anonymous_11)
FN:194,(anonymous_12)
FN:246,StateView
FN:275,(anonymous_14)
FN:288,(anonymous_15)
FN:288,(anonymous_16)
FN:302,(anonymous_17)
FNF:18
FNH:12
FNDA:0,getMessageType
FNDA:0,(anonymous_1)
FNDA:0,MessagesRenderer
FNDA:0,(anonymous_3)
FNDA:0,(anonymous_4)
FNDA:30,StateViewRecursive
FNDA:4,(anonymous_6)
FNDA:0,(anonymous_7)
FNDA:16,HasContentsEllipsis
FNDA:26,StateViewObject
FNDA:16,(anonymous_10)
FNDA:2,(anonymous_11)
FNDA:2,(anonymous_12)
FNDA:9,StateView
FNDA:6,(anonymous_14)
FNDA:2,(anonymous_15)
FNDA:2,(anonymous_16)
FNDA:1,(anonymous_17)
DA:23,0
DA:24,0
DA:27,0
DA:28,0
DA:30,0
DA:33,1
DA:34,0
DA:36,0
DA:38,0
DA:40,0
DA:42,0
DA:44,0
DA:46,0
DA:51,0
DA:54,0
DA:56,0
DA:59,0
DA:69,0
DA:84,30
DA:85,30
DA:86,0
DA:89,30
DA:90,22
DA:93,8
DA:94,2
DA:97,6
DA:98,2
DA:101,4
DA:102,2
DA:103,0
DA:106,2
DA:107,2
DA:111,4
DA:112,4
DA:129,2
DA:130,2
DA:131,2
DA:133,0
DA:139,0
DA:158,16
DA:186,26
DA:188,26
DA:189,16
DA:190,12
DA:194,26
DA:196,26
DA:252,9
DA:254,9
DA:255,1
DA:258,8
DA:276,6
DA:288,2
DA:302,1
LF:53
LH:32
BRDA:23,0,0,0
BRDA:23,0,1,0
BRDA:23,1,0,0
BRDA:23,1,1,0
BRDA:27,2,0,0
BRDA:27,2,1,0
BRDA:27,3,0,0
BRDA:27,3,1,0
BRDA:36,4,0,0
BRDA:36,4,1,0
BRDA:36,4,2,0
BRDA:36,4,3,0
BRDA:36,4,4,0
BRDA:56,5,0,0
BRDA:56,5,1,0
BRDA:65,6,0,0
BRDA:65,6,1,0
BRDA:66,7,0,0
BRDA:66,7,1,0
BRDA:66,8,0,0
BRDA:66,8,1,0
BRDA:70,9,0,0
BRDA:70,9,1,0
BRDA:61,10,0,0
BRDA:61,10,1,0
BRDA:85,11,0,0
BRDA:85,11,1,30
BRDA:89,12,0,22
BRDA:89,12,1,8
BRDA:93,13,0,2
BRDA:93,13,1,6
BRDA:97,14,0,2
BRDA:97,14,1,4
BRDA:101,15,0,2
BRDA:101,15,1,2
BRDA:102,16,0,0
BRDA:102,16,1,2
BRDA:102,17,0,2
BRDA:102,17,1,2
BRDA:118,18,0,4
BRDA:118,18,1,2
BRDA:129,19,0,2
BRDA:129,19,1,0
BRDA:130,20,0,2
BRDA:130,20,1,0
BRDA:189,21,0,12
BRDA:189,21,1,4
BRDA:200,22,0,10
BRDA:200,22,1,16
BRDA:206,23,0,10
BRDA:206,23,1,16
BRDA:215,24,0,26
BRDA:215,24,1,16
BRDA:222,25,0,10
BRDA:222,25,1,16
BRDA:223,26,0,10
BRDA:223,26,1,16
BRDA:254,27,0,1
BRDA:254,27,1,8
BRDA:262,28,0,8
BRDA:262,28,1,5
BRDA:266,29,0,9
BRDA:266,29,1,3
BRDA:269,30,0,3
BRDA:269,30,1,1
BRDA:273,31,0,9
BRDA:273,31,1,5
BRDA:286,32,0,9
BRDA:286,32,1,5
BRDA:293,33,0,1
BRDA:293,33,1,4
BRF:71
BRH:42
end_of_record
TN:
SF:src\components\thread\agent-inbox\hooks\use-interrupted-actions.tsx
FN:54,useInterruptedActions
FN:72,(anonymous_1)
FN:84,(anonymous_2)
FN:101,(anonymous_3)
FN:110,(anonymous_4)
FN:117,(anonymous_5)
FN:118,(anonymous_6)
FN:144,(anonymous_7)
FN:158,(anonymous_8)
FN:172,(anonymous_9)
FN:183,(anonymous_10)
FN:222,(anonymous_11)
FN:227,(anonymous_12)
FN:249,(anonymous_13)
FN:288,(anonymous_14)
FNF:15
FNH:14
FNDA:47,useInterruptedActions
FNDA:27,(anonymous_1)
FNDA:5,(anonymous_2)
FNDA:2,(anonymous_3)
FNDA:3,(anonymous_4)
FNDA:6,(anonymous_5)
FNDA:7,(anonymous_6)
FNDA:0,(anonymous_7)
FNDA:6,(anonymous_8)
FNDA:6,(anonymous_9)
FNDA:6,(anonymous_10)
FNDA:2,(anonymous_11)
FNDA:2,(anonymous_12)
FNDA:2,(anonymous_13)
FNDA:36,(anonymous_14)
DA:57,47
DA:58,47
DA:61,47
DA:62,47
DA:63,47
DA:64,47
DA:65,47
DA:67,47
DA:69,47
DA:70,47
DA:72,47
DA:73,27
DA:74,27
DA:76,27
DA:77,27
DA:78,27
DA:80,0
DA:84,47
DA:85,5
DA:86,5
DA:94,5
DA:96,1
DA:97,1
DA:101,47
DA:102,2
DA:110,47
DA:111,3
DA:117,47
DA:118,6
DA:119,7
DA:120,2
DA:121,1
DA:126,1
DA:133,5
DA:135,1
DA:137,4
DA:144,47
DA:145,0
DA:147,0
DA:149,0
DA:154,0
DA:158,47
DA:161,6
DA:162,6
DA:163,0
DA:164,0
DA:167,6
DA:168,6
DA:169,6
DA:172,6
DA:173,6
DA:176,6
DA:177,6
DA:179,6
DA:180,6
DA:182,6
DA:183,6
DA:185,6
DA:186,2
DA:187,2
DA:190,4
DA:191,4
DA:192,4
DA:193,4
DA:194,1
DA:197,3
DA:199,3
DA:200,3
DA:203,0
DA:204,0
DA:205,0
DA:206,0
DA:209,3
DA:210,3
DA:211,3
DA:214,0
DA:215,0
DA:216,0
DA:219,3
DA:222,47
DA:225,2
DA:227,2
DA:228,2
DA:229,1
DA:233,1
DA:236,1
DA:237,1
DA:238,1
DA:241,1
DA:243,1
DA:244,1
DA:249,47
DA:252,2
DA:254,2
DA:255,2
DA:256,2
DA:259,2
DA:260,2
DA:269,2
DA:274,1
DA:275,1
DA:283,2
DA:287,47
DA:288,36
DA:291,47
LF:105
LH:91
BRDA:110,0,0,3
BRDA:119,1,0,2
BRDA:119,1,1,5
BRDA:120,2,0,1
BRDA:120,2,1,1
BRDA:120,3,0,2
BRDA:120,3,1,2
BRDA:133,4,0,1
BRDA:133,4,1,4
BRDA:133,5,0,5
BRDA:133,5,1,4
BRDA:147,6,0,0
BRDA:147,6,1,0
BRDA:147,7,0,0
BRDA:147,7,1,0
BRDA:147,7,2,0
BRDA:147,7,3,0
BRDA:147,7,4,0
BRDA:162,8,0,0
BRDA:162,8,1,6
BRDA:168,9,0,6
BRDA:168,9,1,0
BRDA:176,10,0,6
BRDA:176,10,1,0
BRDA:185,11,0,2
BRDA:185,11,1,4
BRDA:193,12,0,1
BRDA:193,12,1,3
BRDA:199,13,0,3
BRDA:199,13,1,0
BRDA:209,14,0,3
BRDA:209,14,1,0
BRDA:228,15,0,1
BRDA:228,15,1,1
BRDA:237,16,0,1
BRDA:237,16,1,0
BRDA:255,17,0,2
BRDA:255,17,1,0
BRDA:288,18,0,36
BRDA:288,18,1,28
BRDA:288,18,2,28
BRF:41
BRH:27
end_of_record
TN:
SF:src\components\thread\history\index.tsx
FN:44,getThreadTitle
FN:58,shouldKeepThreadContextMenuOpen
FN:80,ThreadContextMenu
FN:99,(anonymous_3)
FN:104,(anonymous_4)
FN:115,(anonymous_5)
FN:145,(anonymous_6)
FN:146,(anonymous_7)
FN:157,(anonymous_8)
FN:173,ThreadItem
FN:189,(anonymous_10)
FN:192,(anonymous_11)
FN:195,(anonymous_12)
FN:203,(anonymous_13)
FN:208,(anonymous_14)
FN:212,(anonymous_15)
FN:221,(anonymous_16)
FN:229,(anonymous_17)
FN:245,(anonymous_18)
FN:256,(anonymous_19)
FN:272,(anonymous_20)
FN:278,(anonymous_21)
FN:291,CategorySection
FN:315,(anonymous_23)
FN:315,(anonymous_24)
FN:327,(anonymous_25)
FN:334,(anonymous_26)
FN:340,(anonymous_27)
FN:350,ThreadHistoryLoading
FN:351,(anonymous_29)
FN:354,(anonymous_30)
FN:361,FavoritesSection
FN:381,(anonymous_32)
FN:381,(anonymous_33)
FN:394,(anonymous_34)
FN:400,(anonymous_35)
FN:410,GroupedThreadList
FN:419,(anonymous_37)
FN:421,(anonymous_38)
FN:422,(anonymous_39)
FN:425,(anonymous_40)
FN:437,(anonymous_41)
FN:455,(anonymous_42)
FN:469,ThreadHistory
FN:480,(anonymous_44)
FN:486,(anonymous_45)
FN:499,(anonymous_46)
FN:506,(anonymous_47)
FN:506,(anonymous_48)
FN:521,(anonymous_49)
FN:536,(anonymous_50)
FN:546,(anonymous_51)
FN:546,(anonymous_52)
FN:558,(anonymous_53)
FN:558,(anonymous_54)
FNF:55
FNH:39
FNDA:31,getThreadTitle
FNDA:2,shouldKeepThreadContextMenuOpen
FNDA:27,ThreadContextMenu
FNDA:1,(anonymous_3)
FNDA:1,(anonymous_4)
FNDA:4,(anonymous_5)
FNDA:135,(anonymous_6)
FNDA:1,(anonymous_7)
FNDA:1,(anonymous_8)
FNDA:31,ThreadItem
FNDA:1,(anonymous_10)
FNDA:1,(anonymous_11)
FNDA:1,(anonymous_12)
FNDA:1,(anonymous_13)
FNDA:27,(anonymous_14)
FNDA:1,(anonymous_15)
FNDA:1,(anonymous_16)
FNDA:3,(anonymous_17)
FNDA:1,(anonymous_18)
FNDA:0,(anonymous_19)
FNDA:3,(anonymous_20)
FNDA:0,(anonymous_21)
FNDA:35,CategorySection
FNDA:0,(anonymous_23)
FNDA:0,(anonymous_24)
FNDA:2,(anonymous_25)
FNDA:14,(anonymous_26)
FNDA:0,(anonymous_27)
FNDA:1,ThreadHistoryLoading
FNDA:10,(anonymous_29)
FNDA:10,(anonymous_30)
FNDA:7,FavoritesSection
FNDA:0,(anonymous_32)
FNDA:0,(anonymous_33)
FNDA:7,(anonymous_34)
FNDA:0,(anonymous_35)
FNDA:7,GroupedThreadList
FNDA:7,(anonymous_37)
FNDA:7,(anonymous_38)
FNDA:14,(anonymous_39)
FNDA:7,(anonymous_40)
FNDA:2,(anonymous_41)
FNDA:35,(anonymous_42)
FNDA:8,ThreadHistory
FNDA:8,(anonymous_44)
FNDA:8,(anonymous_45)
FNDA:1,(anonymous_46)
FNDA:0,(anonymous_47)
FNDA:0,(anonymous_48)
FNDA:0,(anonymous_49)
FNDA:0,(anonymous_50)
FNDA:0,(anonymous_51)
FNDA:0,(anonymous_52)
FNDA:0,(anonymous_53)
FNDA:0,(anonymous_54)
DA:34,1
DA:45,31
DA:46,31
DA:47,0
DA:48,0
DA:49,0
DA:51,0
DA:63,2
DA:64,2
DA:65,2
DA:66,2
DA:67,2
DA:71,0
DA:73,2
DA:95,27
DA:96,27
DA:97,27
DA:99,27
DA:100,1
DA:101,1
DA:104,27
DA:105,1
DA:106,1
DA:107,1
DA:108,1
DA:111,27
DA:116,4
DA:117,4
DA:146,135
DA:157,1
DA:180,31
DA:181,31
DA:182,31
DA:183,31
DA:184,31
DA:185,31
DA:186,31
DA:187,31
DA:189,31
DA:190,1
DA:191,1
DA:192,1
DA:195,31
DA:196,1
DA:197,1
DA:198,1
DA:200,1
DA:203,31
DA:204,1
DA:205,1
DA:208,31
DA:209,27
DA:211,3
DA:212,3
DA:213,1
DA:214,1
DA:215,1
DA:216,0
DA:217,0
DA:218,0
DA:220,1
DA:221,1
DA:222,1
DA:223,1
DA:224,1
DA:228,3
DA:229,3
DA:230,3
DA:231,3
DA:235,31
DA:245,1
DA:257,0
DA:258,0
DA:259,0
DA:260,0
DA:272,3
DA:278,0
DA:304,35
DA:305,35
DA:306,35
DA:307,35
DA:309,35
DA:315,0
DA:327,2
DA:335,14
DA:340,0
DA:351,10
DA:352,1
DA:355,10
DA:368,7
DA:369,7
DA:371,7
DA:372,7
DA:373,7
DA:375,7
DA:381,0
DA:395,7
DA:400,0
DA:417,7
DA:418,7
DA:419,7
DA:421,7
DA:422,14
DA:425,7
DA:426,7
DA:429,7
DA:430,14
DA:431,14
DA:432,14
DA:434,7
DA:437,7
DA:438,2
DA:439,0
DA:440,0
DA:442,2
DA:443,2
DA:444,1
DA:445,1
DA:446,1
DA:448,1
DA:452,7
DA:456,35
DA:470,8
DA:471,8
DA:472,8
DA:476,8
DA:478,8
DA:480,8
DA:481,8
DA:482,8
DA:483,8
DA:486,8
DA:490,8
DA:499,1
DA:506,0
DA:522,0
DA:523,0
DA:536,0
DA:546,0
DA:558,0
LF:140
LH:115
BRDA:46,0,0,31
BRDA:46,0,1,0
BRDA:46,1,0,31
BRDA:46,1,1,31
BRDA:47,2,0,0
BRDA:47,2,1,0
BRDA:47,3,0,0
BRDA:47,3,1,0
BRDA:47,3,2,0
BRDA:63,4,0,0
BRDA:63,4,1,2
BRDA:65,5,0,0
BRDA:65,5,1,2
BRDA:67,6,0,0
BRDA:67,6,1,2
BRDA:68,7,0,2
BRDA:68,7,1,0
BRDA:74,8,0,2
BRDA:74,8,1,2
BRDA:74,8,2,2
BRDA:97,9,0,27
BRDA:97,9,1,0
BRDA:117,10,0,0
BRDA:117,10,1,4
BRDA:130,11,0,20
BRDA:130,11,1,7
BRDA:133,12,0,20
BRDA:133,12,1,7
BRDA:147,13,0,27
BRDA:147,13,1,108
BRDA:197,14,0,1
BRDA:197,14,1,0
BRDA:197,15,0,1
BRDA:197,15,1,1
BRDA:204,16,0,1
BRDA:204,16,1,0
BRDA:205,17,0,0
BRDA:205,17,1,1
BRDA:209,18,0,24
BRDA:209,18,1,3
BRDA:215,19,0,0
BRDA:215,19,1,1
BRDA:216,20,0,0
BRDA:216,20,1,0
BRDA:220,21,0,0
BRDA:220,21,1,1
BRDA:223,22,0,1
BRDA:223,22,1,0
BRDA:230,23,0,0
BRDA:230,23,1,3
BRDA:240,24,0,2
BRDA:240,24,1,29
BRDA:252,25,0,4
BRDA:252,25,1,25
BRDA:252,26,0,29
BRDA:252,26,1,29
BRDA:259,27,0,0
BRDA:259,27,1,0
BRDA:267,28,0,31
BRDA:267,28,1,29
BRDA:306,29,0,0
BRDA:306,29,1,35
BRDA:316,30,0,0
BRDA:316,30,1,35
BRDA:318,31,0,0
BRDA:318,31,1,35
BRDA:321,32,0,35
BRDA:321,32,1,0
BRDA:321,32,2,0
BRDA:337,33,0,35
BRDA:337,33,1,0
BRDA:337,33,2,0
BRDA:369,34,0,0
BRDA:369,34,1,7
BRDA:372,35,0,0
BRDA:372,35,1,7
BRDA:382,36,0,0
BRDA:382,36,1,7
BRDA:384,37,0,0
BRDA:384,37,1,7
BRDA:388,38,0,7
BRDA:388,38,1,0
BRDA:388,38,2,0
BRDA:397,39,0,7
BRDA:397,39,1,0
BRDA:397,39,2,0
BRDA:419,40,0,7
BRDA:419,40,1,0
BRDA:430,41,0,14
BRDA:430,41,1,0
BRDA:431,42,0,14
BRDA:431,42,1,0
BRDA:438,43,0,0
BRDA:438,43,1,2
BRDA:481,44,0,0
BRDA:481,44,1,8
BRDA:513,45,0,1
BRDA:513,45,1,7
BRDA:520,46,0,8
BRDA:520,46,1,0
BRDA:522,47,0,0
BRDA:522,47,1,0
BRDA:553,48,0,1
BRDA:553,48,1,7
BRF:104
BRH:58
end_of_record
TN:
SF:src\components\thread\messages\ai.tsx
FN:17,CustomComponent
FN:26,(anonymous_1)
FN:32,(anonymous_2)
FN:44,parseAnthropicStreamedToolCalls
FN:47,(anonymous_4)
FN:49,(anonymous_5)
FN:68,AssistantMessage
FN:88,(anonymous_7)
FN:106,(anonymous_8)
FN:153,(anonymous_9)
FN:160,(anonymous_10)
FN:172,AssistantMessageLoading
FNF:12
FNH:9
FNDA:3,CustomComponent
FNDA:3,(anonymous_1)
FNDA:3,(anonymous_2)
FNDA:0,parseAnthropicStreamedToolCalls
FNDA:0,(anonymous_4)
FNDA:0,(anonymous_5)
FNDA:5,AssistantMessage
FNDA:5,(anonymous_7)
FNDA:1,(anonymous_8)
FNDA:1,(anonymous_9)
FNDA:1,(anonymous_10)
FNDA:1,AssistantMessageLoading
DA:24,3
DA:25,3
DA:26,3
DA:29,3
DA:30,3
DA:33,3
DA:47,0
DA:49,0
DA:50,0
DA:51,0
DA:52,0
DA:53,0
DA:54,0
DA:59,0
DA:77,5
DA:78,5
DA:79,5
DA:84,5
DA:86,5
DA:87,5
DA:88,5
DA:90,5
DA:91,5
DA:93,5
DA:94,5
DA:99,5
DA:104,5
DA:106,1
DA:108,5
DA:109,5
DA:111,5
DA:112,1
DA:115,4
DA:153,1
DA:160,1
DA:173,1
LF:36
LH:28
BRDA:29,0,0,0
BRDA:29,0,1,3
BRDA:47,1,0,0
BRDA:47,1,1,0
BRDA:52,2,0,0
BRDA:52,2,1,0
BRDA:54,3,0,0
BRDA:54,3,1,0
BRDA:60,4,0,0
BRDA:60,4,1,0
BRDA:61,5,0,0
BRDA:61,5,1,0
BRDA:77,6,0,5
BRDA:77,6,1,0
BRDA:88,7,0,5
BRDA:88,7,1,0
BRDA:90,8,0,5
BRDA:90,8,1,0
BRDA:94,9,0,0
BRDA:94,9,1,5
BRDA:99,10,0,5
BRDA:99,10,1,5
BRDA:99,10,2,1
BRDA:99,10,3,1
BRDA:104,11,0,5
BRDA:104,11,1,1
BRDA:106,12,0,1
BRDA:106,12,1,1
BRDA:111,13,0,1
BRDA:111,13,1,4
BRDA:111,14,0,5
BRDA:111,14,1,2
BRDA:117,15,0,1
BRDA:117,15,1,3
BRDA:121,16,0,3
BRDA:121,16,1,3
BRDA:127,17,0,3
BRDA:127,17,1,3
BRDA:129,18,0,3
BRDA:129,18,1,1
BRDA:129,18,2,1
BRDA:129,18,3,2
BRDA:129,18,4,0
BRDA:129,18,5,2
BRDA:129,18,6,0
BRDA:139,19,0,3
BRDA:139,19,1,3
BRDA:139,20,0,3
BRDA:139,20,1,1
BRDA:139,20,2,0
BRDA:139,20,3,1
BRDA:144,21,0,1
BRDA:144,21,1,2
BRDA:144,22,0,3
BRDA:144,22,1,2
BRDA:144,22,2,1
BRDA:162,23,0,3
BRDA:162,23,1,3
BRF:58
BRH:40
end_of_record
TN:
SF:src\components\thread\messages\generic-interrupt.tsx
FN:6,GenericInterruptView
FN:18,(anonymous_1)
FN:39,(anonymous_2)
FN:46,(anonymous_3)
FN:82,(anonymous_4)
FN:117,(anonymous_5)
FNF:6
FNH:6
FNDA:3,GenericInterruptView
FNDA:2,(anonymous_1)
FNDA:3,(anonymous_2)
FNDA:2,(anonymous_3)
FNDA:13,(anonymous_4)
FNDA:1,(anonymous_5)
DA:11,3
DA:13,3
DA:14,3
DA:15,3
DA:18,3
DA:19,2
DA:20,0
DA:23,2
DA:24,0
DA:27,2
DA:28,1
DA:29,1
DA:31,1
DA:35,1
DA:39,3
DA:40,3
DA:41,2
DA:43,1
DA:44,1
DA:46,2
DA:48,0
DA:52,3
DA:54,3
DA:83,13
DA:88,13
DA:92,13
DA:117,1
LF:27
LH:24
BRDA:15,0,0,3
BRDA:15,0,1,0
BRDA:19,1,0,0
BRDA:19,1,1,2
BRDA:19,2,0,2
BRDA:19,2,1,1
BRDA:23,3,0,0
BRDA:23,3,1,2
BRDA:23,4,0,2
BRDA:23,4,1,0
BRDA:27,5,0,1
BRDA:27,5,1,1
BRDA:27,6,0,2
BRDA:27,6,1,1
BRDA:29,7,0,1
BRDA:29,7,1,0
BRDA:40,8,0,2
BRDA:40,8,1,1
BRDA:41,9,0,1
BRDA:41,9,1,1
BRDA:44,10,0,1
BRDA:44,10,1,0
BRDA:44,11,0,1
BRDA:44,11,1,1
BRDA:76,12,0,1
BRDA:76,12,1,2
BRDA:83,13,0,11
BRDA:83,13,1,2
BRDA:88,14,0,11
BRDA:88,14,1,2
BRDA:98,15,0,11
BRDA:98,15,1,2
BRDA:70,16,0,1
BRDA:70,16,1,2
BRDA:113,17,0,3
BRDA:113,17,1,0
BRDA:113,17,2,0
BRDA:113,17,3,3
BRDA:123,18,0,1
BRDA:123,18,1,2
BRF:40
BRH:32
end_of_record
TN:
SF:src\components\thread\messages\human.tsx
FN:9,EditableContent
FN:20,(anonymous_1)
FN:27,(anonymous_2)
FN:38,(anonymous_3)
FN:49,HumanMessage
FN:64,(anonymous_5)
FN:73,(anonymous_6)
FN:115,(anonymous_7)
FN:123,(anonymous_8)
FNF:9
FNH:9
FNDA:6,EditableContent
FNDA:3,(anonymous_1)
FNDA:1,(anonymous_2)
FNDA:3,(anonymous_3)
FNDA:13,HumanMessage
FNDA:3,(anonymous_5)
FNDA:2,(anonymous_6)
FNDA:1,(anonymous_7)
FNDA:3,(anonymous_8)
DA:18,6
DA:20,6
DA:21,3
DA:22,3
DA:23,3
DA:27,6
DA:28,1
DA:29,1
DA:30,1
DA:34,6
DA:38,3
DA:56,13
DA:57,13
DA:58,13
DA:60,13
DA:61,13
DA:62,13
DA:64,13
DA:65,3
DA:67,3
DA:68,3
DA:74,2
DA:75,2
DA:77,1
DA:86,13
DA:115,1
DA:124,3
DA:125,3
DA:127,3
LF:29
LH:29
BRDA:21,0,0,3
BRDA:21,0,1,0
BRDA:28,1,0,1
BRDA:28,1,1,0
BRDA:28,2,0,1
BRDA:28,2,1,1
BRDA:28,2,2,1
BRDA:75,3,0,1
BRDA:75,3,1,1
BRDA:79,4,0,1
BRDA:79,4,1,0
BRDA:90,5,0,13
BRDA:90,5,1,6
BRDA:94,6,0,6
BRDA:94,6,1,7
BRDA:109,7,0,13
BRDA:109,7,1,6
BRDA:124,8,0,3
BRDA:124,8,1,0
BRF:19
BRH:15
end_of_record
TN:
SF:src\components\thread\messages\reactions.tsx
FN:31,(anonymous_0)
FN:41,(anonymous_1)
FN:44,(anonymous_2)
FN:54,(anonymous_3)
FN:63,(anonymous_4)
FN:66,(anonymous_5)
FN:70,(anonymous_6)
FN:72,(anonymous_7)
FN:73,(anonymous_8)
FN:76,(anonymous_9)
FN:76,(anonymous_10)
FN:78,(anonymous_11)
FN:87,(anonymous_12)
FN:94,(anonymous_13)
FN:112,(anonymous_14)
FN:136,(anonymous_15)
FN:139,(anonymous_16)
FNF:17
FNH:2
FNDA:3,(anonymous_0)
FNDA:3,(anonymous_1)
FNDA:0,(anonymous_2)
FNDA:0,(anonymous_3)
FNDA:0,(anonymous_4)
FNDA:0,(anonymous_5)
FNDA:0,(anonymous_6)
FNDA:0,(anonymous_7)
FNDA:0,(anonymous_8)
FNDA:0,(anonymous_9)
FNDA:0,(anonymous_10)
FNDA:0,(anonymous_11)
FNDA:0,(anonymous_12)
FNDA:0,(anonymous_13)
FNDA:0,(anonymous_14)
FNDA:0,(anonymous_15)
FNDA:0,(anonymous_16)
DA:23,1
DA:31,1
DA:37,3
DA:38,3
DA:39,3
DA:41,3
DA:42,3
DA:44,0
DA:45,0
DA:46,0
DA:47,0
DA:48,0
DA:51,0
DA:52,0
DA:54,0
DA:55,0
DA:56,0
DA:63,3
DA:64,0
DA:66,0
DA:67,0
DA:69,0
DA:70,0
DA:71,0
DA:72,0
DA:73,0
DA:75,0
DA:76,0
DA:78,0
DA:82,3
DA:88,0
DA:94,0
DA:112,0
DA:137,0
DA:139,0
LF:35
LH:9
BRDA:33,0,0,3
BRDA:35,1,0,3
BRDA:42,2,0,3
BRDA:42,2,1,0
BRDA:46,3,0,0
BRDA:46,3,1,0
BRDA:47,4,0,0
BRDA:47,4,1,0
BRDA:67,5,0,0
BRDA:67,5,1,0
BRDA:69,6,0,0
BRDA:69,6,1,0
BRDA:72,7,0,0
BRDA:72,7,1,0
BRDA:75,8,0,0
BRDA:75,8,1,0
BRDA:76,9,0,0
BRDA:76,9,1,0
BRDA:83,10,0,0
BRDA:83,10,1,3
BRDA:97,11,0,0
BRDA:97,11,1,0
BRDA:103,12,0,0
BRDA:103,12,1,0
BRDA:117,13,0,3
BRDA:117,13,1,0
BRDA:119,14,0,0
BRDA:119,14,1,3
BRDA:125,15,0,3
BRDA:125,15,1,0
BRDA:133,16,0,0
BRDA:133,16,1,0
BRF:32
BRH:7
end_of_record
TN:
SF:src\components\thread\messages\tool-calls.tsx
FN:7,ToolCallHeader
FN:22,ToolCallArgsTable
FN:26,(anonymous_2)
FN:47,SingleToolCall
FN:63,ToolCalls
FN:72,(anonymous_5)
FN:79,parseMessageContent
FN:100,formatContentForDisplay
FN:131,ToolResultHeader
FN:161,JsonContentTable
FN:172,(anonymous_10)
FN:182,(anonymous_11)
FN:203,ExpandButton
FN:223,shouldShowExpandButton
FN:235,ToolResult
FN:245,(anonymous_15)
FN:246,(anonymous_16)
FNF:17
FNH:17
FNDA:2,ToolCallHeader
FNDA:1,ToolCallArgsTable
FNDA:3,(anonymous_2)
FNDA:2,SingleToolCall
FNDA:2,ToolCalls
FNDA:2,(anonymous_5)
FNDA:4,parseMessageContent
FNDA:4,formatContentForDisplay
FNDA:4,ToolResultHeader
FNDA:2,JsonContentTable
FNDA:11,(anonymous_10)
FNDA:11,(anonymous_11)
FNDA:4,ExpandButton
FNDA:4,shouldShowExpandButton
FNDA:4,ToolResult
FNDA:2,(anonymous_15)
FNDA:2,(anonymous_16)
DA:8,2
DA:23,1
DA:27,3
DA:48,2
DA:49,2
DA:51,2
DA:68,2
DA:70,1
DA:73,2
DA:84,4
DA:86,4
DA:87,4
DA:88,4
DA:89,4
DA:91,0
DA:94,2
DA:97,4
DA:109,4
DA:110,2
DA:111,2
DA:112,2
DA:114,0
DA:116,4
DA:117,4
DA:120,4
DA:121,2
DA:125,2
DA:128,4
DA:138,4
DA:170,2
DA:171,2
DA:172,11
DA:173,0
DA:174,0
DA:176,0
DA:179,2
DA:183,11
DA:210,4
DA:228,4
DA:232,4
DA:236,4
DA:238,4
DA:239,4
DA:245,4
DA:246,2
DA:249,4
DA:255,4
LF:47
LH:42
BRDA:12,0,0,2
BRDA:12,0,1,2
BRDA:32,1,0,1
BRDA:32,1,1,2
BRDA:54,2,0,1
BRDA:54,2,1,1
BRDA:68,3,0,1
BRDA:68,3,1,1
BRDA:68,4,0,2
BRDA:68,4,1,2
BRDA:73,5,0,2
BRDA:73,5,1,0
BRDA:87,6,0,4
BRDA:87,6,1,0
BRDA:109,7,0,2
BRDA:109,7,1,2
BRDA:111,8,0,2
BRDA:111,8,1,0
BRDA:117,9,0,4
BRDA:117,9,1,0
BRDA:120,10,0,2
BRDA:120,10,1,2
BRDA:120,11,0,4
BRDA:120,11,1,4
BRDA:121,12,0,1
BRDA:121,12,1,1
BRDA:141,13,0,2
BRDA:141,13,1,2
BRDA:151,14,0,4
BRDA:151,14,1,2
BRDA:170,15,0,2
BRDA:170,15,1,0
BRDA:171,16,0,1
BRDA:171,16,1,1
BRDA:173,17,0,0
BRDA:173,17,1,0
BRDA:173,18,0,0
BRDA:173,18,1,0
BRDA:188,19,0,11
BRDA:188,19,1,0
BRDA:218,20,0,2
BRDA:218,20,1,2
BRDA:228,21,0,4
BRDA:228,21,1,2
BRDA:228,21,2,2
BRDA:232,22,0,4
BRDA:232,22,1,4
BRDA:232,22,2,2
BRDA:273,23,0,2
BRDA:273,23,1,2
BRDA:267,24,0,2
BRDA:267,24,1,2
BRDA:284,25,0,4
BRDA:284,25,1,4
BRF:54
BRH:44
end_of_record
TN:
SF:src\components\thread\messages\utils.ts
FN:3,isComplexValue
FNF:1
FNH:1
FNDA:38,isComplexValue
DA:4,38
LF:1
LH:1
BRDA:4,0,0,38
BRDA:4,0,1,36
BRDA:4,0,2,27
BRF:3
BRH:3
end_of_record
TN:
SF:src\components\ui\button.tsx
FN:43,Button
FNF:1
FNH:1
FNDA:94,Button
DA:7,7
DA:50,94
DA:52,94
LF:3
LH:3
BRDA:47,0,0,94
BRDA:50,1,0,0
BRDA:50,1,1,94
BRF:3
BRH:2
end_of_record
TN:
SF:src\components\ui\empty.tsx
FN:4,Empty
FN:17,EmptyHeader
FN:45,EmptyMedia
FN:60,EmptyTitle
FN:70,EmptyDescription
FN:83,EmptyContent
FNF:6
FNH:5
FNDA:5,Empty
FNDA:5,EmptyHeader
FNDA:0,EmptyMedia
FNDA:5,EmptyTitle
FNDA:5,EmptyDescription
FNDA:5,EmptyContent
DA:5,5
DA:18,5
DA:30,1
DA:50,0
DA:61,5
DA:71,5
DA:84,5
LF:7
LH:6
BRDA:47,0,0,0
BRF:1
BRH:0
end_of_record
TN:
SF:src\components\ui\input.tsx
FN:5,Input
FNF:1
FNH:1
FNDA:6,Input
DA:6,6
LF:1
LH:1
BRF:0
BRH:0
end_of_record
TN:
SF:src\components\ui\label.tsx
FN:6,Label
FNF:1
FNH:1
FNDA:6,Label
DA:10,6
LF:1
LH:1
BRF:0
BRH:0
end_of_record
TN:
SF:src\components\ui\password-input.tsx
FN:13,(anonymous_0)
FN:29,(anonymous_1)
FN:29,(anonymous_2)
FNF:3
FNH:1
FNDA:2,(anonymous_0)
FNDA:0,(anonymous_1)
FNDA:0,(anonymous_2)
DA:10,1
DA:14,2
DA:16,2
DA:29,0
DA:54,1
LF:5
LH:4
BRDA:19,0,0,0
BRDA:19,0,1,2
BRDA:31,1,0,0
BRDA:31,1,1,2
BRDA:37,2,0,0
BRDA:37,2,1,2
BRF:6
BRH:3
end_of_record
TN:
SF:src\components\ui\separator.tsx
FN:6,Separator
FNF:1
FNH:1
FNDA:8,Separator
DA:12,8
LF:1
LH:1
BRDA:8,0,0,8
BRDA:9,1,0,8
BRF:2
BRH:2
end_of_record
TN:
SF:src\components\ui\textarea.tsx
FN:5,Textarea
FNF:1
FNH:1
FNDA:18,Textarea
DA:6,18
LF:1
LH:1
BRF:0
BRH:0
end_of_record
TN:
SF:src\components\ui\tooltip.tsx
FN:6,TooltipProvider
FN:19,Tooltip
FN:29,TooltipTrigger
FN:35,TooltipContent
FNF:4
FNH:4
FNDA:6,TooltipProvider
FNDA:3,Tooltip
FNDA:3,TooltipTrigger
FNDA:3,TooltipContent
DA:10,6
DA:22,3
DA:32,3
DA:41,3
LF:4
LH:4
BRDA:7,0,0,6
BRDA:37,1,0,3
BRF:2
BRH:2
end_of_record
TN:
SF:src\hooks\useHints.ts
FN:18,useHints
FN:26,(anonymous_1)
FN:37,(anonymous_2)
FN:66,(anonymous_3)
FN:80,(anonymous_4)
FNF:5
FNH:4
FNDA:20,useHints
FNDA:6,(anonymous_1)
FNDA:8,(anonymous_2)
FNDA:16,(anonymous_3)
FNDA:0,(anonymous_4)
DA:5,1
DA:19,20
DA:20,20
DA:21,20
DA:22,20
DA:24,20
DA:26,20
DA:27,6
DA:28,0
DA:29,0
DA:32,6
DA:33,6
DA:35,6
DA:36,6
DA:37,8
DA:42,6
DA:48,5
DA:49,1
DA:50,1
DA:52,1
DA:53,1
DA:56,4
DA:57,4
DA:58,6
DA:60,1
DA:62,6
DA:66,20
DA:67,16
DA:69,15
DA:70,15
DA:71,15
DA:73,16
DA:74,14
DA:76,6
DA:77,6
DA:80,20
DA:81,0
DA:82,0
DA:85,20
LF:39
LH:35
BRDA:27,0,0,0
BRDA:27,0,1,6
BRDA:39,1,0,8
BRDA:39,1,1,0
BRDA:48,2,0,1
BRDA:48,2,1,4
BRDA:49,3,0,1
BRDA:49,3,1,0
BRDA:49,4,0,1
BRDA:49,4,1,1
BRDA:57,5,0,4
BRDA:57,5,1,0
BRDA:58,6,0,3
BRDA:58,6,1,1
BRDA:67,7,0,1
BRDA:67,7,1,15
BRDA:73,8,0,1
BRDA:73,8,1,15
BRDA:73,9,0,16
BRDA:73,9,1,3
BRDA:74,10,0,8
BRDA:74,10,1,6
BRF:22
BRH:18
end_of_record
TN:
SF:src\hooks\useMediaQuery.tsx
FN:3,useMediaQuery
FN:6,(anonymous_1)
FN:10,(anonymous_2)
FN:12,(anonymous_3)
FNF:4
FNH:4
FNDA:7,useMediaQuery
FNDA:5,(anonymous_1)
FNDA:1,(anonymous_2)
FNDA:5,(anonymous_3)
DA:4,7
DA:6,7
DA:7,5
DA:8,5
DA:10,5
DA:11,5
DA:12,5
DA:15,7
LF:8
LH:8
BRF:0
BRH:0
end_of_record
TN:
SF:src\hooks\useSpeechRecognition.tsx
FN:33,(anonymous_0)
FN:41,(anonymous_1)
FN:55,(anonymous_2)
FN:60,(anonymous_3)
FN:65,(anonymous_4)
FN:81,(anonymous_5)
FN:89,(anonymous_6)
FN:96,(anonymous_7)
FN:107,(anonymous_8)
FN:117,(anonymous_9)
FNF:10
FNH:10
FNDA:42,(anonymous_0)
FNDA:16,(anonymous_1)
FNDA:5,(anonymous_2)
FNDA:1,(anonymous_3)
FNDA:3,(anonymous_4)
FNDA:1,(anonymous_5)
FNDA:16,(anonymous_6)
FNDA:2,(anonymous_7)
FNDA:2,(anonymous_8)
FNDA:1,(anonymous_9)
DA:33,1
DA:34,42
DA:35,42
DA:36,42
DA:37,42
DA:39,42
DA:41,42
DA:43,16
DA:45,16
DA:46,15
DA:47,15
DA:49,15
DA:50,15
DA:51,15
DA:52,15
DA:53,15
DA:55,15
DA:56,5
DA:57,5
DA:60,15
DA:61,1
DA:62,1
DA:65,15
DA:66,3
DA:69,3
DA:70,3
DA:71,2
DA:76,3
DA:77,2
DA:81,15
DA:82,1
DA:83,1
DA:84,1
DA:89,16
DA:90,16
DA:91,15
DA:96,42
DA:97,2
DA:98,2
DA:99,1
DA:100,1
DA:101,1
DA:107,42
DA:108,2
DA:109,2
DA:110,1
DA:111,1
DA:117,42
DA:118,1
DA:121,42
LF:50
LH:50
BRDA:43,0,0,16
BRDA:43,0,1,2
BRDA:45,1,0,15
BRDA:45,1,1,1
BRDA:50,2,0,15
BRDA:50,2,1,0
BRDA:70,3,0,2
BRDA:70,3,1,1
BRDA:76,4,0,2
BRDA:76,4,1,1
BRDA:90,5,0,15
BRDA:90,5,1,1
BRDA:98,6,0,1
BRDA:98,6,1,1
BRDA:98,7,0,2
BRDA:98,7,1,2
BRDA:109,8,0,1
BRDA:109,8,1,1
BRDA:109,9,0,2
BRDA:109,9,1,2
BRF:20
BRH:19
end_of_record
TN:
SF:src\lib\agent-inbox-interrupt.ts
FN:3,isAgentInboxInterruptSchema
FNF:1
FNH:1
FNDA:17,isAgentInboxInterruptSchema
DA:6,17
DA:7,17
LF:2
LH:2
BRDA:6,0,0,2
BRDA:6,0,1,15
BRDA:8,1,0,17
BRDA:8,1,1,13
BRDA:8,1,2,12
BRDA:8,1,3,8
BRDA:8,1,4,7
BRDA:8,1,5,6
BRDA:8,1,6,5
BRDA:8,1,7,4
BRDA:8,1,8,4
BRDA:8,1,9,4
BRF:12
BRH:12
end_of_record
TN:
SF:src\lib\api-client.ts
FN:5,(anonymous_0)
FN:9,(anonymous_1)
FN:20,(anonymous_2)
FN:24,(anonymous_3)
FN:29,(anonymous_4)
FN:42,(anonymous_5)
FN:83,(anonymous_6)
FN:122,(anonymous_7)
FN:171,(anonymous_8)
FN:176,(anonymous_9)
FN:205,(anonymous_10)
FN:220,(anonymous_11)
FN:235,(anonymous_12)
FN:242,(anonymous_13)
FN:321,(anonymous_14)
FN:331,(anonymous_15)
FN:345,(anonymous_16)
FN:355,(anonymous_17)
FN:368,(anonymous_18)
FN:381,(anonymous_19)
FN:394,(anonymous_20)
FN:397,(anonymous_21)
FN:414,(anonymous_22)
FN:419,(anonymous_23)
FN:443,(anonymous_24)
FN:460,(anonymous_25)
FN:478,(anonymous_26)
FN:494,(anonymous_27)
FN:517,(anonymous_28)
FN:522,(anonymous_29)
FN:527,(anonymous_30)
FN:532,(anonymous_31)
FN:537,(anonymous_32)
FN:542,(anonymous_33)
FN:548,parseFastApiDetail
FN:555,(anonymous_35)
FN:561,(anonymous_36)
FN:564,(anonymous_37)
FN:571,(anonymous_38)
FN:575,(anonymous_39)
FN:581,(anonymous_40)
FN:590,(anonymous_41)
FN:599,(anonymous_42)
FN:604,(anonymous_43)
FN:609,(anonymous_44)
FN:614,(anonymous_45)
FN:622,(anonymous_46)
FN:627,(anonymous_47)
FN:632,(anonymous_48)
FN:640,(anonymous_49)
FN:648,(anonymous_50)
FN:654,(anonymous_51)
FN:660,(anonymous_52)
FN:668,(anonymous_53)
FN:674,(anonymous_54)
FN:680,(anonymous_55)
FN:687,(anonymous_56)
FN:699,(anonymous_57)
FN:716,(anonymous_58)
FN:738,(anonymous_59)
FN:762,(anonymous_60)
FN:777,(anonymous_61)
FN:804,(anonymous_62)
FN:829,(anonymous_63)
FN:851,(anonymous_64)
FN:868,(anonymous_65)
FN:886,(anonymous_66)
FN:903,(anonymous_67)
FN:915,(anonymous_68)
FNF:69
FNH:22
FNDA:3,(anonymous_0)
FNDA:0,(anonymous_1)
FNDA:31,(anonymous_2)
FNDA:1,(anonymous_3)
FNDA:24,(anonymous_4)
FNDA:27,(anonymous_5)
FNDA:27,(anonymous_6)
FNDA:1,(anonymous_7)
FNDA:0,(anonymous_8)
FNDA:0,(anonymous_9)
FNDA:0,(anonymous_10)
FNDA:0,(anonymous_11)
FNDA:0,(anonymous_12)
FNDA:3,(anonymous_13)
FNDA:1,(anonymous_14)
FNDA:3,(anonymous_15)
FNDA:1,(anonymous_16)
FNDA:1,(anonymous_17)
FNDA:1,(anonymous_18)
FNDA:1,(anonymous_19)
FNDA:3,(anonymous_20)
FNDA:2,(anonymous_21)
FNDA:1,(anonymous_22)
FNDA:0,(anonymous_23)
FNDA:0,(anonymous_24)
FNDA:0,(anonymous_25)
FNDA:0,(anonymous_26)
FNDA:0,(anonymous_27)
FNDA:0,(anonymous_28)
FNDA:1,(anonymous_29)
FNDA:1,(anonymous_30)
FNDA:1,(anonymous_31)
FNDA:1,(anonymous_32)
FNDA:1,(anonymous_33)
FNDA:0,parseFastApiDetail
FNDA:0,(anonymous_35)
FNDA:0,(anonymous_36)
FNDA:0,(anonymous_37)
FNDA:0,(anonymous_38)
FNDA:0,(anonymous_39)
FNDA:0,(anonymous_40)
FNDA:0,(anonymous_41)
FNDA:0,(anonymous_42)
FNDA:0,(anonymous_43)
FNDA:0,(anonymous_44)
FNDA:0,(anonymous_45)
FNDA:0,(anonymous_46)
FNDA:0,(anonymous_47)
FNDA:0,(anonymous_48)
FNDA:0,(anonymous_49)
FNDA:0,(anonymous_50)
FNDA:0,(anonymous_51)
FNDA:0,(anonymous_52)
FNDA:0,(anonymous_53)
FNDA:0,(anonymous_54)
FNDA:0,(anonymous_55)
FNDA:0,(anonymous_56)
FNDA:0,(anonymous_57)
FNDA:0,(anonymous_58)
FNDA:0,(anonymous_59)
FNDA:0,(anonymous_60)
FNDA:0,(anonymous_61)
FNDA:0,(anonymous_62)
FNDA:0,(anonymous_63)
FNDA:0,(anonymous_64)
FNDA:0,(anonymous_65)
FNDA:0,(anonymous_66)
FNDA:0,(anonymous_67)
FNDA:0,(anonymous_68)
DA:5,2
DA:6,3
DA:7,3
DA:8,3
DA:9,3
DA:10,0
DA:13,3
DA:15,3
DA:20,2
DA:21,31
DA:24,2
DA:25,1
DA:28,2
DA:29,2
DA:30,24
DA:31,24
DA:33,24
DA:34,24
DA:37,0
DA:42,2
DA:43,27
DA:44,27
DA:51,27
DA:52,27
DA:53,3
DA:57,3
DA:58,3
DA:59,0
DA:62,3
DA:66,24
DA:67,24
DA:68,0
DA:69,0
DA:72,24
DA:74,0
DA:75,0
DA:83,2
DA:87,27
DA:88,27
DA:90,27
DA:91,27
DA:92,27
DA:93,14
DA:94,14
DA:96,0
DA:99,27
DA:102,27
DA:108,24
DA:109,24
DA:113,24
DA:114,1
DA:115,1
DA:118,24
DA:119,24
DA:122,2
DA:124,1
DA:125,0
DA:126,0
DA:128,0
DA:129,0
DA:131,0
DA:135,1
DA:136,1
DA:137,1
DA:139,0
DA:143,0
DA:170,2
DA:172,0
DA:173,0
DA:177,0
DA:178,0
DA:179,0
DA:180,0
DA:184,0
DA:185,0
DA:186,0
DA:187,0
DA:188,0
DA:191,0
DA:202,0
DA:206,0
DA:210,0
DA:211,0
DA:212,0
DA:214,0
DA:215,0
DA:217,0
DA:221,0
DA:225,0
DA:226,0
DA:227,0
DA:229,0
DA:230,0
DA:232,0
DA:236,0
DA:237,0
DA:238,0
DA:243,3
DA:245,3
DA:246,3
DA:251,2
DA:252,1
DA:253,1
DA:256,1
DA:262,2
DA:263,2
DA:272,1
DA:273,0
DA:274,1
DA:275,1
DA:278,1
DA:282,1
DA:290,0
DA:292,0
DA:294,0
DA:295,0
DA:299,0
DA:303,0
DA:306,0
DA:311,0
DA:314,1
DA:316,1
DA:322,1
DA:327,1
DA:332,3
DA:341,3
DA:346,1
DA:351,1
DA:356,1
DA:364,1
DA:369,1
DA:377,1
DA:382,1
DA:387,1
DA:393,2
DA:395,3
DA:396,3
DA:397,2
DA:399,3
DA:400,3
DA:401,3
DA:402,3
DA:403,0
DA:404,0
DA:405,0
DA:406,0
DA:408,0
DA:409,0
DA:411,3
DA:415,1
DA:416,1
DA:427,0
DA:435,0
DA:436,0
DA:437,0
DA:440,0
DA:448,0
DA:453,0
DA:454,0
DA:455,0
DA:458,0
DA:461,0
DA:462,0
DA:463,0
DA:464,0
DA:466,0
DA:479,0
DA:483,0
DA:484,0
DA:485,0
DA:487,0
DA:499,0
DA:503,0
DA:504,0
DA:505,0
DA:507,0
DA:516,2
DA:518,0
DA:519,0
DA:523,1
DA:524,1
DA:528,1
DA:529,1
DA:533,1
DA:534,1
DA:538,1
DA:539,1
DA:543,1
DA:544,1
DA:549,0
DA:550,0
DA:551,0
DA:552,0
DA:553,0
DA:554,0
DA:555,0
DA:556,0
DA:560,2
DA:562,0
DA:563,0
DA:564,0
DA:565,0
DA:566,0
DA:568,0
DA:572,0
DA:573,0
DA:574,0
DA:575,0
DA:576,0
DA:578,0
DA:585,0
DA:589,0
DA:590,0
DA:591,0
DA:593,0
DA:598,2
DA:600,0
DA:601,0
DA:605,0
DA:606,0
DA:610,0
DA:611,0
DA:615,0
DA:616,0
DA:621,2
DA:623,0
DA:624,0
DA:628,0
DA:629,0
DA:633,0
DA:637,0
DA:641,0
DA:645,0
DA:649,0
DA:655,0
DA:656,0
DA:657,0
DA:661,0
DA:665,0
DA:669,0
DA:673,0
DA:674,0
DA:675,0
DA:677,0
DA:681,0
DA:688,0
DA:698,2
DA:700,0
DA:701,0
DA:705,0
DA:706,0
DA:707,0
DA:709,0
DA:710,0
DA:715,2
DA:717,0
DA:718,0
DA:719,0
DA:720,0
DA:722,0
DA:752,0
DA:756,0
DA:757,0
DA:758,0
DA:760,0
DA:763,0
DA:764,0
DA:765,0
DA:766,0
DA:768,0
DA:778,0
DA:782,0
DA:783,0
DA:784,0
DA:786,0
DA:803,2
DA:811,0
DA:815,0
DA:816,0
DA:817,0
DA:819,0
DA:828,2
DA:830,0
DA:831,0
DA:832,0
DA:833,0
DA:835,0
DA:850,2
DA:852,0
DA:853,0
DA:854,0
DA:855,0
DA:857,0
DA:869,0
DA:873,0
DA:874,0
DA:875,0
DA:877,0
DA:887,0
DA:890,0
DA:891,0
DA:892,0
DA:894,0
DA:904,0
DA:905,0
DA:906,0
DA:907,0
DA:909,0
DA:916,0
DA:917,0
DA:918,0
DA:919,0
DA:921,0
LF:313
LH:110
BRDA:28,0,0,0
BRDA:28,0,1,2
BRDA:28,1,0,0
BRDA:28,1,1,0
BRDA:33,2,0,24
BRDA:33,2,1,0
BRDA:33,3,0,24
BRDA:33,3,1,0
BRDA:42,4,0,27
BRDA:52,5,0,3
BRDA:52,5,1,24
BRDA:58,6,0,0
BRDA:58,6,1,3
BRDA:67,7,0,0
BRDA:67,7,1,24
BRDA:85,8,0,27
BRDA:90,9,0,27
BRDA:90,9,1,0
BRDA:92,10,0,14
BRDA:92,10,1,13
BRDA:99,11,0,27
BRDA:99,11,1,13
BRDA:108,12,0,24
BRDA:108,12,1,0
BRDA:113,13,0,1
BRDA:113,13,1,23
BRDA:113,14,0,24
BRDA:113,14,1,1
BRDA:124,15,0,0
BRDA:124,15,1,1
BRDA:126,16,0,0
BRDA:126,16,1,0
BRDA:135,17,0,1
BRDA:135,17,1,0
BRDA:179,18,0,0
BRDA:179,18,1,0
BRDA:184,19,0,0
BRDA:184,19,1,0
BRDA:184,20,0,0
BRDA:184,20,1,0
BRDA:187,21,0,0
BRDA:187,21,1,0
BRDA:188,22,0,0
BRDA:188,22,1,0
BRDA:192,23,0,0
BRDA:192,23,1,0
BRDA:193,24,0,0
BRDA:193,24,1,0
BRDA:194,25,0,0
BRDA:194,25,1,0
BRDA:198,26,0,0
BRDA:198,26,1,0
BRDA:202,27,0,0
BRDA:202,27,1,0
BRDA:211,28,0,0
BRDA:211,28,1,0
BRDA:211,29,0,0
BRDA:211,29,1,0
BRDA:211,29,2,0
BRDA:214,30,0,0
BRDA:214,30,1,0
BRDA:215,31,0,0
BRDA:215,31,1,0
BRDA:226,32,0,0
BRDA:226,32,1,0
BRDA:226,33,0,0
BRDA:226,33,1,0
BRDA:226,33,2,0
BRDA:229,34,0,0
BRDA:229,34,1,0
BRDA:230,35,0,0
BRDA:230,35,1,0
BRDA:251,36,0,1
BRDA:251,36,1,1
BRDA:272,37,0,0
BRDA:272,37,1,1
BRDA:274,38,0,1
BRDA:274,38,1,0
BRDA:292,39,0,0
BRDA:292,39,1,0
BRDA:294,40,0,0
BRDA:294,40,1,0
BRDA:294,40,2,0
BRDA:295,41,0,0
BRDA:295,41,1,0
BRDA:295,42,0,0
BRDA:295,42,1,0
BRDA:295,42,2,0
BRDA:295,42,3,0
BRDA:303,43,0,0
BRDA:303,43,1,0
BRDA:303,44,0,0
BRDA:303,44,1,0
BRDA:303,44,2,0
BRDA:337,45,0,3
BRDA:337,45,1,1
BRDA:396,46,0,1
BRDA:396,46,1,2
BRDA:399,47,0,1
BRDA:399,47,1,2
BRDA:400,48,0,2
BRDA:400,48,1,1
BRDA:402,49,0,0
BRDA:402,49,1,3
BRDA:406,50,0,0
BRDA:406,50,1,0
BRDA:406,50,2,0
BRDA:414,51,0,1
BRDA:431,52,0,0
BRDA:431,52,1,0
BRDA:436,53,0,0
BRDA:436,53,1,0
BRDA:437,54,0,0
BRDA:437,54,1,0
BRDA:437,54,2,0
BRDA:437,54,3,0
BRDA:454,55,0,0
BRDA:454,55,1,0
BRDA:455,56,0,0
BRDA:455,56,1,0
BRDA:455,56,2,0
BRDA:455,56,3,0
BRDA:463,57,0,0
BRDA:463,57,1,0
BRDA:464,58,0,0
BRDA:464,58,1,0
BRDA:464,58,2,0
BRDA:464,58,3,0
BRDA:484,59,0,0
BRDA:484,59,1,0
BRDA:485,60,0,0
BRDA:485,60,1,0
BRDA:485,60,2,0
BRDA:485,60,3,0
BRDA:504,61,0,0
BRDA:504,61,1,0
BRDA:505,62,0,0
BRDA:505,62,1,0
BRDA:505,62,2,0
BRDA:505,62,3,0
BRDA:517,63,0,0
BRDA:517,64,0,0
BRDA:549,65,0,0
BRDA:549,65,1,0
BRDA:549,66,0,0
BRDA:549,66,1,0
BRDA:551,67,0,0
BRDA:551,67,1,0
BRDA:551,68,0,0
BRDA:551,68,1,0
BRDA:553,69,0,0
BRDA:553,69,1,0
BRDA:554,70,0,0
BRDA:554,70,1,0
BRDA:555,71,0,0
BRDA:555,71,1,0
BRDA:555,72,0,0
BRDA:555,72,1,0
BRDA:555,72,2,0
BRDA:563,73,0,0
BRDA:563,73,1,0
BRDA:565,74,0,0
BRDA:565,74,1,0
BRDA:566,75,0,0
BRDA:566,75,1,0
BRDA:572,76,0,0
BRDA:572,76,1,0
BRDA:574,77,0,0
BRDA:574,77,1,0
BRDA:576,78,0,0
BRDA:576,78,1,0
BRDA:589,79,0,0
BRDA:589,79,1,0
BRDA:591,80,0,0
BRDA:591,80,1,0
BRDA:622,81,0,0
BRDA:622,82,0,0
BRDA:627,83,0,0
BRDA:627,84,0,0
BRDA:632,85,0,0
BRDA:656,86,0,0
BRDA:656,86,1,0
BRDA:673,87,0,0
BRDA:673,87,1,0
BRDA:675,88,0,0
BRDA:675,88,1,0
BRDA:705,89,0,0
BRDA:705,89,1,0
BRDA:707,90,0,0
BRDA:707,90,1,0
BRDA:719,91,0,0
BRDA:719,91,1,0
BRDA:720,92,0,0
BRDA:720,92,1,0
BRDA:720,92,2,0
BRDA:720,92,3,0
BRDA:757,93,0,0
BRDA:757,93,1,0
BRDA:758,94,0,0
BRDA:758,94,1,0
BRDA:758,94,2,0
BRDA:758,94,3,0
BRDA:765,95,0,0
BRDA:765,95,1,0
BRDA:766,96,0,0
BRDA:766,96,1,0
BRDA:766,96,2,0
BRDA:766,96,3,0
BRDA:783,97,0,0
BRDA:783,97,1,0
BRDA:784,98,0,0
BRDA:784,98,1,0
BRDA:784,98,2,0
BRDA:784,98,3,0
BRDA:816,99,0,0
BRDA:816,99,1,0
BRDA:817,100,0,0
BRDA:817,100,1,0
BRDA:817,100,2,0
BRDA:817,100,3,0
BRDA:832,101,0,0
BRDA:832,101,1,0
BRDA:833,102,0,0
BRDA:833,102,1,0
BRDA:833,102,2,0
BRDA:833,102,3,0
BRDA:854,103,0,0
BRDA:854,103,1,0
BRDA:855,104,0,0
BRDA:855,104,1,0
BRDA:855,104,2,0
BRDA:855,104,3,0
BRDA:874,105,0,0
BRDA:874,105,1,0
BRDA:875,106,0,0
BRDA:875,106,1,0
BRDA:875,106,2,0
BRDA:875,106,3,0
BRDA:891,107,0,0
BRDA:891,107,1,0
BRDA:892,108,0,0
BRDA:892,108,1,0
BRDA:892,108,2,0
BRDA:892,108,3,0
BRDA:906,109,0,0
BRDA:906,109,1,0
BRDA:907,110,0,0
BRDA:907,110,1,0
BRDA:907,110,2,0
BRDA:907,110,3,0
BRDA:918,111,0,0
BRDA:918,111,1,0
BRDA:919,112,0,0
BRDA:919,112,1,0
BRDA:919,112,2,0
BRDA:919,112,3,0
BRF:256
BRH:35
end_of_record
TN:
SF:src\lib\api-key.tsx
FN:1,getApiKey
FNF:1
FNH:1
FNDA:4,getApiKey
DA:2,4
DA:3,4
DA:4,3
DA:6,1
DA:11,1
LF:5
LH:5
BRDA:3,0,0,3
BRDA:3,0,1,1
BRDA:4,1,0,3
BRDA:4,1,1,1
BRF:4
BRH:4
end_of_record
TN:
SF:src\lib\auth-utils.ts
FN:1,(anonymous_0)
FN:7,(anonymous_1)
FN:11,(anonymous_2)
FNF:3
FNH:3
FNDA:40,(anonymous_0)
FNDA:20,(anonymous_1)
FNDA:33,(anonymous_2)
DA:1,7
DA:3,40
DA:4,40
DA:7,7
DA:8,20
DA:11,7
DA:13,33
DA:15,31
DA:17,31
DA:18,28
DA:19,25
DA:20,22
DA:21,20
DA:22,19
DA:25,15
DA:26,3
DA:29,12
LF:17
LH:17
BRDA:13,0,0,2
BRDA:13,0,1,31
BRDA:17,1,0,3
BRDA:17,1,1,28
BRDA:18,2,0,3
BRDA:18,2,1,25
BRDA:18,3,0,28
BRDA:18,3,1,4
BRDA:19,4,0,3
BRDA:19,4,1,22
BRDA:19,5,0,25
BRDA:19,5,1,23
BRDA:19,5,2,23
BRDA:19,5,3,22
BRDA:19,5,4,22
BRDA:20,6,0,2
BRDA:20,6,1,20
BRDA:20,7,0,22
BRDA:20,7,1,21
BRDA:20,7,2,20
BRDA:21,8,0,1
BRDA:21,8,1,19
BRDA:21,9,0,20
BRDA:21,9,1,19
BRDA:22,10,0,4
BRDA:22,10,1,15
BRDA:22,11,0,19
BRDA:22,11,1,16
BRDA:22,11,2,15
BRDA:25,12,0,3
BRDA:25,12,1,12
BRDA:25,13,0,15
BRDA:25,13,1,13
BRDA:25,13,2,12
BRF:34
BRH:34
end_of_record
TN:
SF:src\lib\ensure-tool-responses.ts
FN:6,ensureToolCallsHaveResponses
FN:9,(anonymous_1)
FN:23,(anonymous_2)
FNF:3
FNH:3
FNDA:7,ensureToolCallsHaveResponses
FNDA:7,(anonymous_1)
FNDA:4,(anonymous_2)
DA:4,1
DA:7,7
DA:9,7
DA:10,7
DA:12,3
DA:15,4
DA:16,4
DA:18,1
DA:22,3
DA:23,4
DA:33,7
LF:11
LH:11
BRDA:10,0,0,3
BRDA:10,0,1,4
BRDA:10,1,0,7
BRDA:10,1,1,5
BRDA:16,2,0,1
BRDA:16,2,1,3
BRDA:23,3,0,3
BRDA:23,3,1,0
BRDA:25,4,0,4
BRDA:25,4,1,1
BRF:10
BRH:9
end_of_record
TN:
SF:src\lib\logger.ts
FN:5,(anonymous_0)
FN:16,(anonymous_1)
FN:21,(anonymous_2)
FN:25,(anonymous_3)
FN:31,(anonymous_4)
FN:37,(anonymous_5)
FN:43,(anonymous_6)
FN:49,(anonymous_7)
FN:56,(anonymous_8)
FN:60,(anonymous_9)
FN:68,(anonymous_10)
FN:72,(anonymous_11)
FNF:12
FNH:12
FNDA:20,(anonymous_0)
FNDA:20,(anonymous_1)
FNDA:174,(anonymous_2)
FNDA:173,(anonymous_3)
FNDA:132,(anonymous_4)
FNDA:9,(anonymous_5)
FNDA:3,(anonymous_6)
FNDA:30,(anonymous_7)
FNDA:8,(anonymous_8)
FNDA:38,(anonymous_9)
FNDA:4,(anonymous_10)
FNDA:15,(anonymous_11)
DA:5,20
DA:6,20
DA:7,20
DA:8,20
DA:9,20
DA:17,20
DA:18,20
DA:22,174
DA:26,173
DA:27,173
DA:28,173
DA:32,132
DA:33,131
DA:38,9
DA:39,9
DA:44,3
DA:45,3
DA:50,30
DA:51,30
DA:57,8
DA:61,38
DA:62,11
DA:64,27
DA:69,4
DA:73,15
DA:77,20
LF:26
LH:26
BRDA:5,0,0,20
BRDA:5,0,1,20
BRDA:18,1,0,19
BRDA:18,1,1,1
BRDA:32,2,0,131
BRDA:32,2,1,1
BRDA:33,3,0,131
BRDA:33,3,1,60
BRDA:38,4,0,9
BRDA:38,4,1,0
BRDA:39,5,0,9
BRDA:39,5,1,2
BRDA:44,6,0,3
BRDA:44,6,1,0
BRDA:45,7,0,3
BRDA:45,7,1,1
BRDA:50,8,0,30
BRDA:50,8,1,0
BRDA:51,9,0,30
BRDA:51,9,1,5
BRDA:61,10,0,11
BRDA:61,10,1,27
BRF:22
BRH:19
end_of_record
TN:
SF:src\lib\utils.ts
FN:4,cn
FNF:1
FNH:1
FNDA:307,cn
DA:5,307
LF:1
LH:1
BRF:0
BRH:0
end_of_record
TN:
SF:src\pages\BetaTest.tsx
FN:11,BetaTest
FN:21,(anonymous_1)
FN:127,(anonymous_2)
FN:151,(anonymous_3)
FN:171,(anonymous_4)
FNF:5
FNH:5
FNDA:48,BetaTest
FNDA:8,(anonymous_1)
FNDA:9,(anonymous_2)
FNDA:8,(anonymous_3)
FNDA:9,(anonymous_4)
DA:8,1
DA:9,1
DA:12,48
DA:13,48
DA:14,48
DA:15,48
DA:16,48
DA:17,48
DA:18,48
DA:19,48
DA:21,48
DA:22,8
DA:23,8
DA:24,8
DA:25,8
DA:27,8
DA:28,8
DA:29,2
DA:30,2
DA:32,6
DA:33,1
DA:34,1
DA:37,5
DA:38,5
DA:39,5
DA:40,0
DA:41,0
DA:43,5
DA:45,5
DA:46,1
DA:47,1
DA:50,4
DA:52,4
DA:53,4
DA:54,4
DA:59,4
DA:68,3
DA:69,1
DA:70,1
DA:73,2
DA:75,1
DA:76,1
DA:78,4
DA:83,48
DA:84,2
DA:108,46
DA:128,9
DA:129,9
DA:151,8
DA:172,9
DA:173,9
DA:174,8
LF:52
LH:50
BRDA:8,0,0,0
BRDA:8,0,1,1
BRDA:28,1,0,2
BRDA:28,1,1,6
BRDA:32,2,0,1
BRDA:32,2,1,5
BRDA:39,3,0,0
BRDA:39,3,1,5
BRDA:39,4,0,5
BRDA:39,4,1,5
BRDA:45,5,0,1
BRDA:45,5,1,4
BRDA:68,6,0,1
BRDA:68,6,1,2
BRDA:83,7,0,2
BRDA:83,7,1,46
BRDA:94,8,0,2
BRDA:94,8,1,0
BRDA:138,9,0,46
BRDA:138,9,1,3
BRDA:160,10,0,48
BRDA:160,10,1,1
BRDA:173,11,0,8
BRDA:173,11,1,1
BRDA:188,12,0,48
BRDA:188,12,1,2
BRDA:196,13,0,4
BRDA:196,13,1,42
BRF:28
BRH:25
end_of_record
TN:
SF:src\pages\EmailSent.tsx
FN:10,EmailSent
FN:19,(anonymous_1)
FNF:2
FNH:2
FNDA:14,EmailSent
FNDA:3,(anonymous_1)
DA:11,14
DA:12,14
DA:13,14
DA:14,14
DA:17,14
DA:19,14
DA:20,3
DA:21,0
DA:22,0
DA:25,3
DA:26,3
DA:27,3
DA:29,3
DA:30,3
DA:32,2
DA:33,1
DA:36,1
DA:37,1
DA:40,2
DA:41,2
DA:43,3
DA:47,14
LF:22
LH:20
BRDA:17,0,0,14
BRDA:17,0,1,2
BRDA:20,1,0,0
BRDA:20,1,1,3
BRDA:32,2,0,1
BRDA:32,2,1,1
BRDA:33,3,0,1
BRDA:33,3,1,0
BRDA:33,3,2,0
BRDA:61,4,0,14
BRDA:61,4,1,12
BRDA:72,5,0,14
BRDA:72,5,1,1
BRDA:78,6,0,14
BRDA:78,6,1,2
BRDA:88,7,0,14
BRDA:88,7,1,11
BRDA:92,8,0,3
BRDA:92,8,1,11
BRF:19
BRH:16
end_of_record
TN:
SF:src\pages\EventsPage.tsx
FN:17,EventCard
FN:64,EventsPage
FN:70,(anonymous_2)
FN:73,(anonymous_3)
FN:74,(anonymous_4)
FN:75,(anonymous_5)
FN:105,(anonymous_6)
FN:117,(anonymous_7)
FN:123,(anonymous_8)
FN:144,(anonymous_9)
FNF:10
FNH:9
FNDA:1,EventCard
FNDA:6,EventsPage
FNDA:3,(anonymous_2)
FNDA:2,(anonymous_3)
FNDA:1,(anonymous_4)
FNDA:3,(anonymous_5)
FNDA:1,(anonymous_6)
FNDA:3,(anonymous_7)
FNDA:0,(anonymous_8)
FNDA:1,(anonymous_9)
DA:18,1
DA:19,1
DA:25,1
DA:65,6
DA:66,6
DA:67,6
DA:68,6
DA:70,6
DA:71,3
DA:73,2
DA:74,1
DA:75,3
DA:78,6
DA:79,3
DA:86,3
DA:105,1
DA:118,3
DA:119,1
DA:123,0
DA:131,2
DA:132,1
DA:142,1
DA:145,1
LF:23
LH:22
BRDA:18,0,0,1
BRDA:18,0,1,0
BRDA:73,1,0,2
BRDA:73,1,1,0
BRDA:78,2,0,3
BRDA:78,2,1,3
BRDA:118,3,0,1
BRDA:118,3,1,2
BRDA:131,4,0,1
BRDA:131,4,1,1
BRF:10
BRH:8
end_of_record
TN:
SF:src\pages\ExperimentsPage.tsx
FN:28,getSuccessColor
FN:34,ExperimentCard
FN:110,ExperimentsPage
FN:117,(anonymous_3)
FN:120,(anonymous_4)
FN:121,(anonymous_5)
FN:122,(anonymous_6)
FN:133,(anonymous_7)
FN:136,(anonymous_8)
FN:137,(anonymous_9)
FN:138,(anonymous_10)
FN:160,(anonymous_11)
FN:177,(anonymous_12)
FN:180,(anonymous_13)
FN:196,(anonymous_14)
FN:202,(anonymous_15)
FN:227,(anonymous_16)
FNF:17
FNH:15
FNDA:3,getSuccessColor
FNDA:15,ExperimentCard
FNDA:33,ExperimentsPage
FNDA:16,(anonymous_3)
FNDA:14,(anonymous_4)
FNDA:1,(anonymous_5)
FNDA:15,(anonymous_6)
FNDA:3,(anonymous_7)
FNDA:17,(anonymous_8)
FNDA:17,(anonymous_9)
FNDA:17,(anonymous_10)
FNDA:0,(anonymous_11)
FNDA:68,(anonymous_12)
FNDA:2,(anonymous_13)
FNDA:17,(anonymous_14)
FNDA:0,(anonymous_15)
FNDA:15,(anonymous_16)
DA:21,1
DA:29,3
DA:30,2
DA:31,1
DA:35,15
DA:36,15
DA:38,15
DA:42,15
DA:111,33
DA:112,33
DA:113,33
DA:114,33
DA:115,33
DA:117,33
DA:118,16
DA:120,14
DA:121,1
DA:122,15
DA:125,33
DA:126,16
DA:133,17
DA:134,33
DA:136,17
DA:137,17
DA:138,17
DA:141,33
DA:160,0
DA:178,68
DA:180,2
DA:197,17
DA:198,1
DA:202,0
DA:210,16
DA:211,2
DA:225,14
DA:228,15
LF:36
LH:34
BRDA:29,0,0,1
BRDA:29,0,1,2
BRDA:30,1,0,1
BRDA:30,1,1,1
BRDA:35,2,0,15
BRDA:35,2,1,1
BRDA:38,3,0,1
BRDA:38,3,1,14
BRDA:67,4,0,15
BRDA:67,4,1,14
BRDA:71,5,0,15
BRDA:71,5,1,1
BRDA:81,6,0,15
BRDA:81,6,1,3
BRDA:102,7,0,15
BRDA:102,7,1,1
BRDA:120,8,0,14
BRDA:120,8,1,0
BRDA:125,9,0,16
BRDA:125,9,1,17
BRDA:133,10,0,15
BRDA:133,10,1,2
BRDA:183,11,0,17
BRDA:183,11,1,51
BRDA:184,12,0,17
BRDA:184,12,1,51
BRDA:185,13,0,17
BRDA:185,13,1,51
BRDA:197,14,0,1
BRDA:197,14,1,16
BRDA:210,15,0,2
BRDA:210,15,1,14
BRDA:215,16,0,1
BRDA:215,16,1,1
BRDA:217,17,0,2
BRDA:217,17,1,1
BRF:36
BRH:35
end_of_record
TN:
SF:src\pages\ForgotPassword.tsx
FN:12,ForgotPassword
FN:18,(anonymous_1)
FN:129,(anonymous_2)
FN:161,(anonymous_3)
FNF:4
FNH:4
FNDA:41,ForgotPassword
FNDA:10,(anonymous_1)
FNDA:1,(anonymous_2)
FNDA:10,(anonymous_3)
DA:10,1
DA:13,41
DA:14,41
DA:15,41
DA:16,41
DA:18,41
DA:19,10
DA:20,10
DA:23,10
DA:24,1
DA:25,1
DA:28,9
DA:30,9
DA:32,9
DA:35,9
DA:44,9
DA:45,20
DA:46,20
DA:47,20
DA:59,15
DA:61,15
DA:63,6
DA:66,5
DA:67,5
DA:71,9
DA:72,3
DA:75,6
DA:79,6
DA:80,6
DA:82,6
DA:83,2
DA:84,0
DA:85,0
DA:86,2
DA:87,1
DA:88,1
DA:89,1
DA:90,1
DA:91,1
DA:93,0
DA:97,4
DA:98,1
DA:99,1
DA:102,3
DA:103,3
DA:105,3
DA:106,3
DA:108,9
DA:112,41
DA:113,3
DA:129,1
DA:144,38
DA:161,10
LF:53
LH:50
BRDA:10,0,0,0
BRDA:10,0,1,1
BRDA:23,1,0,1
BRDA:23,1,1,9
BRDA:61,2,0,6
BRDA:61,2,1,9
BRDA:61,3,0,15
BRDA:61,3,1,9
BRDA:71,4,0,3
BRDA:71,4,1,6
BRDA:71,5,0,9
BRDA:71,5,1,8
BRDA:71,5,2,6
BRDA:82,6,0,2
BRDA:82,6,1,4
BRDA:83,7,0,0
BRDA:83,7,1,2
BRDA:86,8,0,1
BRDA:86,8,1,1
BRDA:89,9,0,1
BRDA:89,9,1,0
BRDA:93,10,0,0
BRDA:93,10,1,0
BRDA:93,10,2,0
BRDA:97,11,0,1
BRDA:97,11,1,3
BRDA:106,12,0,3
BRDA:106,12,1,0
BRDA:112,13,0,3
BRDA:112,13,1,38
BRDA:169,14,0,38
BRDA:169,14,1,7
BRDA:177,15,0,9
BRDA:177,15,1,29
BRF:34
BRH:27
end_of_record
TN:
SF:src\pages\GoalPage.tsx
FN:43,GoalPage
FN:51,(anonymous_1)
FN:55,(anonymous_2)
FN:56,(anonymous_3)
FN:58,(anonymous_4)
FN:63,(anonymous_5)
FN:64,(anonymous_6)
FN:97,(anonymous_7)
FN:144,(anonymous_8)
FN:169,(anonymous_9)
FN:233,(anonymous_10)
FNF:11
FNH:9
FNDA:5,GoalPage
FNDA:3,(anonymous_1)
FNDA:0,(anonymous_2)
FNDA:0,(anonymous_3)
FNDA:1,(anonymous_4)
FNDA:1,(anonymous_5)
FNDA:2,(anonymous_6)
FNDA:5,(anonymous_7)
FNDA:5,(anonymous_8)
FNDA:1,(anonymous_9)
FNDA:1,(anonymous_10)
DA:23,1
DA:30,1
DA:35,1
DA:44,5
DA:45,5
DA:46,5
DA:47,5
DA:48,5
DA:49,5
DA:51,5
DA:52,3
DA:53,3
DA:55,0
DA:56,0
DA:59,1
DA:60,1
DA:61,1
DA:63,1
DA:64,2
DA:67,5
DA:68,3
DA:75,2
DA:76,1
DA:86,1
DA:87,5
DA:88,5
DA:91,5
DA:94,5
DA:95,5
DA:96,5
DA:97,1
DA:98,5
DA:99,5
DA:102,1
DA:104,1
DA:145,5
DA:170,1
DA:234,1
LF:38
LH:36
BRDA:52,0,0,0
BRDA:52,0,1,3
BRDA:60,1,0,1
BRDA:60,1,1,0
BRDA:61,2,0,1
BRDA:61,2,1,0
BRDA:67,3,0,3
BRDA:67,3,1,2
BRDA:75,4,0,1
BRDA:75,4,1,1
BRDA:75,5,0,2
BRDA:75,5,1,1
BRDA:78,6,0,1
BRDA:78,6,1,0
BRDA:86,7,0,1
BRDA:86,7,1,0
BRDA:87,8,0,1
BRDA:87,8,1,0
BRDA:87,9,0,1
BRDA:87,9,1,0
BRDA:88,10,0,1
BRDA:88,10,1,0
BRDA:96,11,0,1
BRDA:96,11,1,4
BRDA:99,12,0,2
BRDA:99,12,1,3
BRDA:130,13,0,1
BRDA:130,13,1,1
BRDA:130,13,2,0
BRDA:147,14,0,2
BRDA:147,14,1,3
BRDA:155,15,0,2
BRDA:155,15,1,3
BRDA:156,16,0,5
BRDA:156,16,1,3
BRDA:165,17,0,5
BRDA:165,17,1,1
BRDA:172,18,0,1
BRDA:172,18,1,1
BRDA:185,19,0,5
BRDA:185,19,1,1
BRDA:208,20,0,5
BRDA:208,20,1,1
BRDA:216,21,0,5
BRDA:216,21,1,0
BRDA:229,22,0,5
BRDA:229,22,1,1
BRF:47
BRH:37
end_of_record
TN:
SF:src\pages\GoalsPage.tsx
FN:31,statusIcon
FN:37,GoalCard
FN:91,GoalsPage
FN:97,(anonymous_3)
FN:100,(anonymous_4)
FN:101,(anonymous_5)
FN:102,(anonymous_6)
FN:132,(anonymous_7)
FN:144,(anonymous_8)
FN:150,(anonymous_9)
FN:171,(anonymous_10)
FNF:11
FNH:10
FNDA:1,statusIcon
FNDA:1,GoalCard
FNDA:6,GoalsPage
FNDA:3,(anonymous_3)
FNDA:2,(anonymous_4)
FNDA:1,(anonymous_5)
FNDA:3,(anonymous_6)
FNDA:1,(anonymous_7)
FNDA:3,(anonymous_8)
FNDA:0,(anonymous_9)
FNDA:1,(anonymous_10)
DA:18,1
DA:25,1
DA:32,1
DA:33,0
DA:34,0
DA:38,1
DA:39,1
DA:40,1
DA:44,1
DA:92,6
DA:93,6
DA:94,6
DA:95,6
DA:97,6
DA:98,3
DA:100,2
DA:101,1
DA:102,3
DA:105,6
DA:106,3
DA:113,3
DA:132,1
DA:145,3
DA:146,1
DA:150,0
DA:158,2
DA:159,1
DA:169,1
DA:172,1
LF:29
LH:26
BRDA:32,0,0,1
BRDA:32,0,1,0
BRDA:33,1,0,0
BRDA:33,1,1,0
BRDA:38,2,0,0
BRDA:38,2,1,1
BRDA:38,3,0,0
BRDA:38,3,1,0
BRDA:39,4,0,1
BRDA:39,4,1,0
BRDA:40,5,0,0
BRDA:40,5,1,1
BRDA:59,6,0,0
BRDA:59,6,1,1
BRDA:68,7,0,1
BRDA:68,7,1,0
BRDA:78,8,0,1
BRDA:78,8,1,0
BRDA:83,9,0,1
BRDA:83,9,1,0
BRDA:100,10,0,2
BRDA:100,10,1,0
BRDA:105,11,0,3
BRDA:105,11,1,3
BRDA:145,12,0,1
BRDA:145,12,1,2
BRDA:158,13,0,1
BRDA:158,13,1,1
BRF:28
BRH:15
end_of_record
TN:
SF:src\pages\Landing.tsx
FN:15,Landing
FN:18,(anonymous_1)
FN:20,(anonymous_2)
FNF:3
FNH:2
FNDA:10,Landing
FNDA:0,(anonymous_1)
FNDA:10,(anonymous_2)
DA:16,10
DA:18,10
DA:20,10
DA:21,10
DA:24,10
LF:5
LH:5
BRDA:21,0,0,0
BRDA:21,0,1,10
BRDA:44,1,0,0
BRDA:44,1,1,10
BRDA:49,2,0,0
BRDA:49,2,1,10
BRF:6
BRH:3
end_of_record
TN:
SF:src\pages\NotFound.tsx
FN:17,NotFoundPage
FN:82,(anonymous_1)
FN:85,(anonymous_2)
FNF:3
FNH:3
FNDA:5,NotFoundPage
FNDA:1,(anonymous_1)
FNDA:1,(anonymous_2)
DA:14,1
DA:15,1
DA:18,5
DA:20,5
DA:82,1
DA:85,1
LF:6
LH:6
BRF:0
BRH:0
end_of_record
TN:
SF:src\pages\ReportPage.tsx
FN:10,CircleProgress
FN:39,DotChart
FN:42,(anonymous_2)
FN:47,(anonymous_3)
FN:51,(anonymous_4)
FN:67,DonutChart
FN:68,(anonymous_6)
FN:77,(anonymous_7)
FN:110,ReportPage
FN:115,(anonymous_9)
FN:117,(anonymous_10)
FN:118,(anonymous_11)
FN:119,(anonymous_12)
FN:120,(anonymous_13)
FN:127,(anonymous_14)
FN:134,(anonymous_15)
FN:138,(anonymous_16)
FN:145,(anonymous_17)
FN:146,(anonymous_18)
FN:147,(anonymous_19)
FN:151,(anonymous_20)
FN:170,(anonymous_21)
FN:171,(anonymous_22)
FN:187,(anonymous_23)
FN:211,(anonymous_24)
FN:217,(anonymous_25)
FN:266,(anonymous_26)
FN:278,(anonymous_27)
FN:302,(anonymous_28)
FNF:29
FNH:26
FNDA:4,CircleProgress
FNDA:2,DotChart
FNDA:2,(anonymous_2)
FNDA:2,(anonymous_3)
FNDA:16,(anonymous_4)
FNDA:1,DonutChart
FNDA:2,(anonymous_6)
FNDA:2,(anonymous_7)
FNDA:5,ReportPage
FNDA:3,(anonymous_9)
FNDA:0,(anonymous_10)
FNDA:0,(anonymous_11)
FNDA:0,(anonymous_12)
FNDA:2,(anonymous_13)
FNDA:2,(anonymous_14)
FNDA:2,(anonymous_15)
FNDA:3,(anonymous_16)
FNDA:3,(anonymous_17)
FNDA:3,(anonymous_18)
FNDA:3,(anonymous_19)
FNDA:2,(anonymous_20)
FNDA:2,(anonymous_21)
FNDA:2,(anonymous_22)
FNDA:1,(anonymous_23)
FNDA:2,(anonymous_24)
FNDA:4,(anonymous_25)
FNDA:2,(anonymous_26)
FNDA:2,(anonymous_27)
FNDA:6,(anonymous_28)
DA:13,4
DA:14,4
DA:15,4
DA:16,4
DA:18,4
DA:40,2
DA:42,2
DA:43,1
DA:45,1
DA:48,2
DA:49,2
DA:52,16
DA:65,1
DA:68,2
DA:69,1
DA:70,1
DA:71,1
DA:72,1
DA:74,1
DA:78,2
DA:79,2
DA:80,2
DA:81,2
DA:82,2
DA:111,5
DA:112,5
DA:113,5
DA:115,5
DA:116,3
DA:117,0
DA:118,0
DA:119,0
DA:121,2
DA:122,2
DA:123,2
DA:126,2
DA:127,2
DA:128,2
DA:129,2
DA:130,2
DA:132,2
DA:134,2
DA:137,2
DA:138,2
DA:139,3
DA:142,2
DA:145,3
DA:146,3
DA:147,3
DA:151,2
DA:154,5
DA:155,3
DA:162,2
DA:163,2
DA:164,5
DA:166,5
DA:170,5
DA:171,5
DA:177,5
DA:187,1
DA:212,2
DA:217,4
DA:267,2
DA:279,2
DA:303,6
LF:65
LH:62
BRDA:10,0,0,4
BRDA:10,1,0,4
BRDA:40,2,0,1
BRDA:40,2,1,1
BRDA:55,3,0,16
BRDA:55,3,1,0
BRDA:68,4,0,1
BRDA:68,4,1,0
BRDA:121,5,0,2
BRDA:121,5,1,0
BRDA:122,6,0,2
BRDA:122,6,1,0
BRDA:123,7,0,2
BRDA:123,7,1,0
BRDA:128,8,0,2
BRDA:128,8,1,0
BRDA:130,9,0,2
BRDA:130,9,1,2
BRDA:139,10,0,3
BRDA:139,10,1,2
BRDA:147,11,0,3
BRDA:147,11,1,3
BRDA:154,12,0,3
BRDA:154,12,1,2
BRDA:163,13,0,1
BRDA:163,13,1,1
BRDA:164,14,0,1
BRDA:164,14,1,1
BRDA:170,15,0,5
BRDA:170,15,1,1
BRDA:172,16,0,2
BRDA:172,16,1,0
BRDA:287,17,0,5
BRDA:287,17,1,1
BRDA:292,18,0,5
BRDA:292,18,1,1
BRF:36
BRH:29
end_of_record
TN:
SF:src\pages\ResetPassword.tsx
FN:12,ResetPassword
FN:40,(anonymous_1)
FN:55,(anonymous_2)
FN:92,(anonymous_3)
FN:116,(anonymous_4)
FN:144,(anonymous_5)
FN:149,(anonymous_6)
FN:160,(anonymous_7)
FN:165,(anonymous_8)
FNF:9
FNH:7
FNDA:36,ResetPassword
FNDA:1,(anonymous_1)
FNDA:7,(anonymous_2)
FNDA:1,(anonymous_3)
FNDA:1,(anonymous_4)
FNDA:7,(anonymous_5)
FNDA:0,(anonymous_6)
FNDA:7,(anonymous_7)
FNDA:0,(anonymous_8)
DA:10,1
DA:13,36
DA:14,36
DA:15,36
DA:17,36
DA:18,36
DA:19,36
DA:20,36
DA:21,36
DA:22,36
DA:23,36
DA:26,36
DA:27,2
DA:40,1
DA:55,34
DA:56,7
DA:57,7
DA:60,7
DA:61,1
DA:62,1
DA:65,6
DA:66,1
DA:67,1
DA:70,5
DA:72,5
DA:73,5
DA:85,4
DA:86,1
DA:87,1
DA:90,3
DA:92,3
DA:93,1
DA:96,2
DA:98,5
DA:102,34
DA:103,3
DA:116,1
DA:128,31
DA:144,7
DA:149,0
DA:160,7
DA:165,0
LF:42
LH:40
BRDA:10,0,0,0
BRDA:10,0,1,1
BRDA:26,1,0,2
BRDA:26,1,1,34
BRDA:60,2,0,1
BRDA:60,2,1,6
BRDA:65,3,0,1
BRDA:65,3,1,5
BRDA:85,4,0,1
BRDA:85,4,1,3
BRDA:87,5,0,1
BRDA:87,5,1,0
BRDA:87,5,2,0
BRDA:96,6,0,2
BRDA:96,6,1,0
BRDA:102,7,0,3
BRDA:102,7,1,31
BRDA:140,8,0,0
BRDA:140,8,1,31
BRDA:156,9,0,0
BRDA:156,9,1,31
BRDA:173,10,0,36
BRDA:173,10,1,4
BRDA:181,11,0,5
BRDA:181,11,1,26
BRF:25
BRH:19
end_of_record
TN:
SF:src\pages\SignIn.tsx
FN:26,SignIn
FN:35,(anonymous_1)
FN:87,(anonymous_2)
FN:145,(anonymous_3)
FN:161,(anonymous_4)
FN:167,(anonymous_5)
FN:177,(anonymous_6)
FNF:7
FNH:6
FNDA:65,SignIn
FNDA:13,(anonymous_1)
FNDA:8,(anonymous_2)
FNDA:13,(anonymous_3)
FNDA:12,(anonymous_4)
FNDA:0,(anonymous_5)
FNDA:1,(anonymous_6)
DA:14,1
DA:27,65
DA:28,65
DA:29,65
DA:30,65
DA:31,65
DA:32,65
DA:33,65
DA:35,65
DA:36,13
DA:37,13
DA:39,13
DA:42,13
DA:43,13
DA:45,13
DA:46,1
DA:47,1
DA:48,1
DA:50,12
DA:51,1
DA:52,1
DA:55,11
DA:57,11
DA:58,11
DA:63,11
DA:65,10
DA:67,10
DA:68,8
DA:69,2
DA:73,2
DA:74,1
DA:77,2
DA:78,2
DA:80,7
DA:81,7
DA:83,11
DA:87,65
DA:88,8
DA:91,8
DA:92,1
DA:93,1
DA:96,7
DA:97,3
DA:98,1
DA:101,2
DA:102,1
DA:105,1
DA:108,1
DA:112,4
DA:113,2
DA:114,1
DA:116,1
DA:119,2
DA:120,8
DA:121,1
DA:124,1
DA:127,1
DA:130,65
DA:145,13
DA:161,12
DA:167,0
DA:177,1
LF:62
LH:61
BRDA:45,0,0,1
BRDA:45,0,1,12
BRDA:50,1,0,1
BRDA:50,1,1,11
BRDA:67,2,0,8
BRDA:67,2,1,2
BRDA:73,3,0,1
BRDA:73,3,1,1
BRDA:81,4,0,7
BRDA:81,4,1,0
BRDA:88,5,0,8
BRDA:88,5,1,0
BRDA:88,5,2,0
BRDA:91,6,0,1
BRDA:91,6,1,7
BRDA:96,7,0,3
BRDA:96,7,1,4
BRDA:97,8,0,1
BRDA:97,8,1,2
BRDA:101,9,0,1
BRDA:101,9,1,1
BRDA:101,10,0,2
BRDA:101,10,1,1
BRDA:112,11,0,2
BRDA:112,11,1,2
BRDA:113,12,0,1
BRDA:113,12,1,1
BRDA:113,13,0,2
BRDA:113,13,1,1
BRDA:116,14,0,1
BRDA:116,14,1,0
BRDA:119,15,0,2
BRDA:119,15,1,1
BRDA:120,16,0,1
BRDA:120,16,1,7
BRDA:120,17,0,8
BRDA:120,17,1,2
BRDA:127,18,0,1
BRDA:127,18,1,0
BRDA:148,19,0,9
BRDA:148,19,1,56
BRDA:157,20,0,0
BRDA:157,20,1,65
BRDA:164,21,0,9
BRDA:164,21,1,56
BRDA:184,22,0,65
BRDA:184,22,1,9
BRDA:194,23,0,11
BRDA:194,23,1,54
BRDA:198,24,0,11
BRDA:198,24,1,54
BRF:51
BRH:45
end_of_record
TN:
SF:src\pages\SignUp.tsx
FN:13,SignUp
FN:22,(anonymous_1)
FN:125,(anonymous_2)
FN:139,(anonymous_3)
FN:154,(anonymous_4)
FN:159,(anonymous_5)
FNF:6
FNH:6
FNDA:59,SignUp
FNDA:10,(anonymous_1)
FNDA:9,(anonymous_2)
FNDA:10,(anonymous_3)
FNDA:10,(anonymous_4)
FNDA:1,(anonymous_5)
DA:11,1
DA:14,59
DA:15,59
DA:16,59
DA:17,59
DA:18,59
DA:19,59
DA:20,59
DA:22,59
DA:23,10
DA:24,10
DA:27,10
DA:28,1
DA:29,1
DA:31,9
DA:32,1
DA:33,1
DA:35,8
DA:36,1
DA:37,1
DA:40,7
DA:42,7
DA:43,7
DA:49,10
DA:51,10
DA:60,6
DA:61,6
DA:63,6
DA:64,5
DA:65,2
DA:66,2
DA:67,3
DA:68,1
DA:70,2
DA:73,1
DA:75,1
DA:77,4
DA:78,4
DA:80,7
DA:85,59
DA:86,1
DA:110,58
DA:125,9
DA:139,10
DA:154,10
DA:159,1
LF:46
LH:46
BRDA:11,0,0,0
BRDA:11,0,1,1
BRDA:27,1,0,1
BRDA:27,1,1,9
BRDA:31,2,0,1
BRDA:31,2,1,8
BRDA:35,3,0,1
BRDA:35,3,1,7
BRDA:46,4,0,7
BRDA:46,4,1,0
BRDA:63,5,0,5
BRDA:63,5,1,1
BRDA:64,6,0,2
BRDA:64,6,1,3
BRDA:64,7,0,5
BRDA:64,7,1,4
BRDA:64,7,2,2
BRDA:67,8,0,1
BRDA:67,8,1,2
BRDA:70,9,0,2
BRDA:70,9,1,1
BRDA:70,9,2,1
BRDA:70,9,3,0
BRDA:85,10,0,1
BRDA:85,10,1,58
BRDA:150,11,0,1
BRDA:150,11,1,57
BRDA:163,12,0,59
BRDA:163,12,1,9
BRDA:171,13,0,7
BRDA:171,13,1,51
BRF:31
BRH:28
end_of_record
TN:
SF:src\pages\VerifyEmail.tsx
FN:10,VerifyEmail
FN:21,(anonymous_1)
FN:41,(anonymous_2)
FN:53,(anonymous_3)
FN:59,(anonymous_4)
FN:89,(anonymous_5)
FN:170,(anonymous_6)
FNF:7
FNH:7
FNDA:28,VerifyEmail
FNDA:6,(anonymous_1)
FNDA:1,(anonymous_2)
FNDA:10,(anonymous_3)
FNDA:3,(anonymous_4)
FNDA:17,(anonymous_5)
FNDA:2,(anonymous_6)
DA:11,28
DA:12,28
DA:13,28
DA:14,28
DA:15,28
DA:16,28
DA:17,28
DA:19,28
DA:21,28
DA:22,6
DA:23,6
DA:25,6
DA:26,6
DA:28,4
DA:29,1
DA:32,3
DA:33,3
DA:36,3
DA:37,2
DA:41,3
DA:42,1
DA:46,2
DA:47,2
DA:49,5
DA:53,28
DA:54,10
DA:55,6
DA:59,28
DA:60,3
DA:61,3
DA:62,1
DA:63,1
DA:66,2
DA:67,2
DA:69,2
DA:70,2
DA:72,2
DA:73,1
DA:76,1
DA:77,1
DA:79,1
DA:82,1
DA:83,1
DA:85,2
DA:89,28
DA:90,17
DA:91,6
DA:102,11
DA:103,3
DA:122,8
DA:144,28
DA:170,2
LF:52
LH:52
BRDA:28,0,0,1
BRDA:28,0,1,3
BRDA:29,1,0,1
BRDA:29,1,1,0
BRDA:29,1,2,0
BRDA:36,2,0,2
BRDA:36,2,1,1
BRDA:54,3,0,6
BRDA:54,3,1,4
BRDA:61,4,0,1
BRDA:61,4,1,2
BRDA:72,5,0,1
BRDA:72,5,1,1
BRDA:73,6,0,1
BRDA:73,6,1,0
BRDA:73,6,2,0
BRDA:90,7,0,6
BRDA:90,7,1,11
BRDA:102,8,0,3
BRDA:102,8,1,8
BRDA:131,9,0,8
BRDA:131,9,1,2
BRDA:150,10,0,17
BRDA:150,10,1,11
BRDA:178,11,0,11
BRDA:178,11,1,2
BRDA:187,12,0,2
BRDA:187,12,1,9
BRF:28
BRH:24
end_of_record
TN:
SF:src\providers\Stream.tsx
FN:44,sleep
FN:45,(anonymous_1)
FN:48,checkGraphStatus
FN:69,(anonymous_3)
FN:82,(anonymous_4)
FN:97,(anonymous_5)
FN:104,(anonymous_6)
FN:120,(anonymous_7)
FN:121,(anonymous_8)
FN:126,(anonymous_9)
FN:130,(anonymous_10)
FN:134,(anonymous_11)
FN:135,(anonymous_12)
FN:155,(anonymous_13)
FN:180,(anonymous_14)
FN:251,(anonymous_15)
FN:268,(anonymous_16)
FN:273,(anonymous_17)
FN:289,(anonymous_18)
FN:310,(anonymous_19)
FNF:20
FNH:17
FNDA:1,sleep
FNDA:1,(anonymous_1)
FNDA:3,checkGraphStatus
FNDA:1,(anonymous_3)
FNDA:3,(anonymous_4)
FNDA:3,(anonymous_5)
FNDA:0,(anonymous_6)
FNDA:0,(anonymous_7)
FNDA:0,(anonymous_8)
FNDA:1,(anonymous_9)
FNDA:1,(anonymous_10)
FNDA:3,(anonymous_11)
FNDA:3,(anonymous_12)
FNDA:2,(anonymous_13)
FNDA:1,(anonymous_14)
FNDA:5,(anonymous_15)
FNDA:4,(anonymous_16)
FNDA:1,(anonymous_17)
FNDA:1,(anonymous_18)
FNDA:6,(anonymous_19)
DA:30,1
DA:42,1
DA:45,1
DA:52,3
DA:53,3
DA:61,3
DA:63,0
DA:64,0
DA:69,1
DA:70,1
DA:71,0
DA:73,1
DA:74,1
DA:76,0
DA:79,1
DA:80,1
DA:82,1
DA:93,3
DA:94,3
DA:97,3
DA:98,3
DA:99,3
DA:100,3
DA:101,0
DA:102,0
DA:103,0
DA:104,0
DA:106,0
DA:107,0
DA:110,0
DA:114,3
DA:121,0
DA:122,0
DA:123,0
DA:127,1
DA:130,1
DA:134,3
DA:135,3
DA:136,3
DA:137,1
DA:138,1
DA:148,3
DA:155,1
DA:166,2
DA:181,1
DA:183,1
DA:184,1
DA:185,1
DA:186,1
DA:187,1
DA:189,1
DA:190,1
DA:251,1
DA:255,5
DA:256,5
DA:257,5
DA:260,5
DA:263,5
DA:268,5
DA:269,4
DA:270,4
DA:273,5
DA:274,1
DA:275,1
DA:279,5
DA:280,5
DA:283,5
DA:284,2
DA:290,1
DA:291,1
DA:292,1
DA:298,3
DA:310,1
DA:311,6
DA:312,6
DA:313,2
DA:315,3
LF:77
LH:63
BRDA:44,0,0,1
BRDA:54,1,0,3
BRDA:54,1,1,3
BRDA:70,2,0,0
BRDA:70,2,1,1
BRDA:73,3,0,1
BRDA:73,3,1,0
BRDA:100,4,0,3
BRDA:100,4,1,0
BRDA:106,5,0,0
BRDA:106,5,1,0
BRDA:116,6,0,3
BRDA:116,6,1,0
BRDA:118,7,0,3
BRDA:118,7,1,0
BRDA:122,8,0,0
BRDA:122,8,1,0
BRDA:136,9,0,1
BRDA:136,9,1,2
BRDA:205,10,0,2
BRDA:205,10,1,0
BRDA:221,11,0,2
BRDA:221,11,1,0
BRDA:234,12,0,2
BRDA:234,12,1,0
BRDA:261,13,0,5
BRDA:261,13,1,5
BRDA:264,14,0,5
BRDA:264,14,1,5
BRDA:270,15,0,4
BRDA:270,15,1,0
BRDA:270,15,2,0
BRDA:279,16,0,5
BRDA:279,16,1,0
BRDA:279,16,2,0
BRDA:280,17,0,5
BRDA:280,17,1,0
BRDA:280,17,2,0
BRDA:283,18,0,2
BRDA:283,18,1,3
BRDA:283,19,0,5
BRDA:283,19,1,3
BRDA:312,20,0,2
BRDA:312,20,1,4
BRF:44
BRH:26
end_of_record
TN:
SF:src\providers\Thread.tsx
FN:16,readFavoriteIds
FN:21,(anonymous_1)
FN:43,ThreadProvider
FN:46,(anonymous_3)
FN:48,(anonymous_4)
FN:67,(anonymous_5)
FN:81,(anonymous_6)
FN:83,(anonymous_7)
FN:84,(anonymous_8)
FN:92,(anonymous_9)
FN:94,(anonymous_10)
FN:95,(anonymous_11)
FN:103,(anonymous_12)
FN:104,(anonymous_13)
FN:106,(anonymous_14)
FN:113,(anonymous_15)
FN:130,useThreads
FNF:17
FNH:7
FNDA:3,readFavoriteIds
FNDA:0,(anonymous_1)
FNDA:5,ThreadProvider
FNDA:3,(anonymous_3)
FNDA:1,(anonymous_4)
FNDA:2,(anonymous_5)
FNDA:0,(anonymous_6)
FNDA:0,(anonymous_7)
FNDA:0,(anonymous_8)
FNDA:0,(anonymous_9)
FNDA:0,(anonymous_10)
FNDA:0,(anonymous_11)
FNDA:0,(anonymous_12)
FNDA:0,(anonymous_13)
FNDA:0,(anonymous_14)
FNDA:5,(anonymous_15)
FNDA:8,useThreads
DA:14,1
DA:17,3
DA:18,3
DA:19,3
DA:20,0
DA:21,0
DA:23,0
DA:39,1
DA:44,5
DA:45,5
DA:46,5
DA:48,5
DA:49,1
DA:50,1
DA:58,1
DA:62,1
DA:63,0
DA:67,2
DA:76,0
DA:77,0
DA:81,5
DA:82,0
DA:83,0
DA:84,0
DA:85,0
DA:92,5
DA:93,0
DA:94,0
DA:95,0
DA:96,0
DA:103,5
DA:104,0
DA:105,0
DA:106,0
DA:108,0
DA:109,0
DA:113,5
DA:125,5
DA:131,8
DA:132,8
DA:133,2
DA:135,5
LF:42
LH:23
BRDA:19,0,0,3
BRDA:19,0,1,0
BRDA:21,1,0,0
BRDA:21,1,1,0
BRDA:58,2,0,1
BRDA:58,2,1,0
BRDA:62,3,0,0
BRDA:62,3,1,1
BRDA:72,4,0,2
BRDA:72,4,1,0
BRDA:73,5,0,2
BRDA:73,5,1,2
BRDA:85,6,0,0
BRDA:85,6,1,0
BRDA:96,7,0,0
BRDA:96,7,1,0
BRDA:105,8,0,0
BRDA:105,8,1,0
BRDA:132,9,0,2
BRDA:132,9,1,6
BRF:20
BRH:8
end_of_record
TN:
SF:src\styles\auth.css
FNF:0
FNH:0
LF:0
LH:0
BRF:0
BRH:0
end_of_record
TN:
SF:src\styles\landing.css
FNF:0
FNH:0
LF:0
LH:0
BRF:0
BRH:0
end_of_record
TN:
SF:src\utils\math.ts
FN:1,(anonymous_0)
FNF:1
FNH:1
FNDA:1,(anonymous_0)
DA:1,1
LF:1
LH:1
BRF:0
BRH:0
end_of_record
